2015-11-30 18:46:12 [INFO] cnchi.py(209) setup_logging(): Sending Cnchi log messages to bugsnag server (using python-bugsnag).
2015-11-30 18:46:12 [INFO] cnchi.py(265) check_gtk_version(): Using GTK v3.18.4
2015-11-30 18:46:12 [INFO] cnchi.py(277) check_pyalpm_version(): Using pyalpm v0.7 as interface to libalpm v9.0.1
2015-11-30 18:46:13 [DEBUG] cnchi.py(128) already_running(): File /tmp/.setup-running already exists.
2015-11-30 18:46:13 [INFO] main_window.py(76) __init__(): Cnchi installer version 0.12.42
2015-11-30 18:46:13 [INFO] main_window.py(166) __init__(): Using requests to download packages
2015-11-30 18:46:13 [DEBUG] gtkbasebox.py(58) __init__(): Loading 'welcome' screen
2015-11-30 18:46:27 [DEBUG] gtkbasebox.py(58) __init__(): Loading 'language' screen
2015-11-30 18:46:27 [DEBUG] gtkbasebox.py(58) __init__(): Loading 'check' screen
2015-11-30 18:46:27 [DEBUG] gtkbasebox.py(58) __init__(): Loading 'location' screen
2015-11-30 18:46:27 [DEBUG] gtkbasebox.py(58) __init__(): Loading 'timezone' screen
2015-11-30 18:46:27 [DEBUG] gtkbasebox.py(58) __init__(): Loading 'keymap' screen
2015-11-30 18:46:27 [DEBUG] gtkbasebox.py(58) __init__(): Loading 'desktop' screen
2015-11-30 18:46:27 [DEBUG] gtkbasebox.py(58) __init__(): Loading 'features' screen
2015-11-30 18:46:27 [DEBUG] gtkbasebox.py(58) __init__(): Loading 'ask' screen
2015-11-30 18:46:27 [DEBUG] gtkbasebox.py(58) __init__(): Loading 'automatic' screen
2015-11-30 18:46:27 [DEBUG] gtkbasebox.py(58) __init__(): Loading 'advanced' screen
2015-11-30 18:46:27 [DEBUG] timezone.py(283) run(): A working network connection has been detected.
2015-11-30 18:46:27 [DEBUG] timezone.py(292) run(): We have connection. Let's get our timezone
2015-11-30 18:46:27 [DEBUG] gtkbasebox.py(58) __init__(): Loading 'summary' screen
2015-11-30 18:46:27 [DEBUG] gtkbasebox.py(58) __init__(): Loading 'user_info' screen
2015-11-30 18:46:27 [DEBUG] gtkbasebox.py(58) __init__(): Loading 'slides' screen
2015-11-30 18:46:28 [DEBUG] timezone.py(313) run(): Timezone (latitude 49.3000, longitude 10.9833) detected.
2015-11-30 18:46:28 [DEBUG] rank_mirrors.py(271) run(): Updating both mirrorlists (Arch and Antergos)...
2015-11-30 18:46:28 [DEBUG] rank_mirrors.py(274) run(): Filtering and sorting Arch mirrors...
2015-11-30 18:46:28 [INFO] connectionpool.py(207) _new_conn(): Starting new HTTP connection (1): www.archlinux.org
2015-11-30 18:46:28 [DEBUG] connectionpool.py(387) _make_request(): "GET /mirrors/status/json/ HTTP/1.1" 301 366
2015-11-30 18:46:28 [INFO] connectionpool.py(756) _new_conn(): Starting new HTTPS connection (1): www.archlinux.org
2015-11-30 18:46:30 [DEBUG] connectionpool.py(387) _make_request(): "GET /mirrors/status/json/ HTTP/1.1" 200 None
2015-11-30 18:46:30 [DEBUG] rank_mirrors.py(133) sort_mirrors_by_speed(): b''
2015-11-30 18:46:30 [DEBUG] rank_mirrors.py(175) sort_mirrors_by_speed(): Rating mirror 'http://mir.archlinux.fr/'
2015-11-30 18:46:30 [DEBUG] rank_mirrors.py(175) sort_mirrors_by_speed(): Rating mirror 'http://ftp.nluug.nl/os/Linux/distr/archlinux/'
2015-11-30 18:46:30 [DEBUG] rank_mirrors.py(175) sort_mirrors_by_speed(): Rating mirror 'http://ftp5.gwdg.de/pub/linux/archlinux/'
2015-11-30 18:46:30 [DEBUG] rank_mirrors.py(175) sort_mirrors_by_speed(): Rating mirror 'http://archlinux.puzzle.ch/'
2015-11-30 18:46:30 [DEBUG] rank_mirrors.py(175) sort_mirrors_by_speed(): Rating mirror 'http://www.las.ic.unicamp.br/pub/archlinux/'
2015-11-30 18:46:30 [DEBUG] rank_mirrors.py(175) sort_mirrors_by_speed(): Rating mirror 'http://archlinux.mirrors.uk2.net/'
2015-11-30 18:46:30 [DEBUG] rank_mirrors.py(175) sort_mirrors_by_speed(): Rating mirror 'http://mirror.umd.edu/archlinux/'
2015-11-30 18:46:30 [DEBUG] rank_mirrors.py(175) sort_mirrors_by_speed(): Rating mirror 'http://mirror.archlinux.no/'
2015-11-30 18:46:30 [DEBUG] rank_mirrors.py(175) sort_mirrors_by_speed(): Rating mirror 'http://mirror.internode.on.net/pub/archlinux/'
2015-11-30 18:46:30 [DEBUG] rank_mirrors.py(175) sort_mirrors_by_speed(): Rating mirror 'http://pet.inf.ufsc.br/mirrors/archlinux/'
2015-11-30 18:46:30 [DEBUG] rank_mirrors.py(175) sort_mirrors_by_speed(): Rating mirror 'http://ftp.tku.edu.tw/Linux/ArchLinux/'
2015-11-30 18:46:30 [DEBUG] rank_mirrors.py(175) sort_mirrors_by_speed(): Rating mirror 'http://ftp.rnl.tecnico.ulisboa.pt/pub/archlinux/'
2015-11-30 18:46:30 [DEBUG] rank_mirrors.py(175) sort_mirrors_by_speed(): Rating mirror 'http://mirror.datacenter.by/pub/archlinux/'
2015-11-30 18:46:30 [DEBUG] rank_mirrors.py(175) sort_mirrors_by_speed(): Rating mirror 'http://archlinux.cs.nctu.edu.tw/'
2015-11-30 18:46:30 [DEBUG] rank_mirrors.py(175) sort_mirrors_by_speed(): Rating mirror 'http://ftp.byfly.by/pub/archlinux/'
2015-11-30 18:46:30 [DEBUG] rank_mirrors.py(175) sort_mirrors_by_speed(): Rating mirror 'http://archlinux.polymorf.fr/'
2015-11-30 18:46:30 [DEBUG] rank_mirrors.py(175) sort_mirrors_by_speed(): Rating mirror 'http://mirror.de.leaseweb.net/archlinux/'
2015-11-30 18:46:30 [DEBUG] rank_mirrors.py(175) sort_mirrors_by_speed(): Rating mirror 'http://mirror.nl.leaseweb.net/archlinux/'
2015-11-30 18:46:30 [DEBUG] rank_mirrors.py(175) sort_mirrors_by_speed(): Rating mirror 'http://mirror.us.leaseweb.net/archlinux/'
2015-11-30 18:46:30 [DEBUG] rank_mirrors.py(175) sort_mirrors_by_speed(): Rating mirror 'http://mirrors.n-ix.net/archlinux/'
2015-11-30 18:46:30 [DEBUG] rank_mirrors.py(175) sort_mirrors_by_speed(): Rating mirror 'http://mirror.cinosure.com/archlinux/'
2015-11-30 18:46:30 [DEBUG] rank_mirrors.py(175) sort_mirrors_by_speed(): Rating mirror 'http://ftp.tuxdroid.org/archlinux/'
2015-11-30 18:46:30 [DEBUG] rank_mirrors.py(175) sort_mirrors_by_speed(): Rating mirror 'http://foss.aueb.gr/mirrors/linux/archlinux/'
2015-11-30 18:46:30 [DEBUG] rank_mirrors.py(175) sort_mirrors_by_speed(): Rating mirror 'http://ftp.tsukuba.wide.ad.jp/Linux/archlinux/'
2015-11-30 18:46:30 [DEBUG] rank_mirrors.py(175) sort_mirrors_by_speed(): Rating mirror 'http://mirror.bytemark.co.uk/archlinux/'
2015-11-30 18:46:30 [DEBUG] rank_mirrors.py(175) sort_mirrors_by_speed(): Rating mirror 'http://ftp.wa.co.za/pub/archlinux/'
2015-11-30 18:46:30 [DEBUG] rank_mirrors.py(175) sort_mirrors_by_speed(): Rating mirror 'http://mirror.fluxent.de/archlinux/'
2015-11-30 18:46:30 [DEBUG] rank_mirrors.py(175) sort_mirrors_by_speed(): Rating mirror 'http://ftp.snt.utwente.nl/pub/os/linux/archlinux/'
2015-11-30 18:46:30 [DEBUG] rank_mirrors.py(175) sort_mirrors_by_speed(): Rating mirror 'http://mirror1.htu.tugraz.at/archlinux/'
2015-11-30 18:46:30 [DEBUG] rank_mirrors.py(175) sort_mirrors_by_speed(): Rating mirror 'http://suro.ubaya.ac.id/archlinux/'
2015-11-30 18:46:30 [DEBUG] rank_mirrors.py(175) sort_mirrors_by_speed(): Rating mirror 'http://mirror.hactar.bz/'
2015-11-30 18:46:30 [DEBUG] rank_mirrors.py(175) sort_mirrors_by_speed(): Rating mirror 'http://arch.tamcore.eu/'
2015-11-30 18:46:30 [DEBUG] rank_mirrors.py(175) sort_mirrors_by_speed(): Rating mirror 'http://arch.nimukaito.net/'
2015-11-30 18:46:30 [DEBUG] rank_mirrors.py(175) sort_mirrors_by_speed(): Rating mirror 'http://mirrors.acm.wpi.edu/archlinux/'
2015-11-30 18:46:30 [DEBUG] rank_mirrors.py(175) sort_mirrors_by_speed(): Rating mirror 'http://mirror.neuf.no/archlinux/'
2015-11-30 18:46:30 [DEBUG] rank_mirrors.py(175) sort_mirrors_by_speed(): Rating mirror 'http://mirror.gnomus.de/'
2015-11-30 18:46:30 [DEBUG] rank_mirrors.py(175) sort_mirrors_by_speed(): Rating mirror 'http://k42.ch/mirror/archlinux/'
2015-11-30 18:46:30 [DEBUG] rank_mirrors.py(175) sort_mirrors_by_speed(): Rating mirror 'http://mirror.tyborek.pl/arch/'
2015-11-30 18:46:30 [DEBUG] rank_mirrors.py(175) sort_mirrors_by_speed(): Rating mirror 'http://mirror.one.com/archlinux/'
2015-11-30 18:46:30 [DEBUG] rank_mirrors.py(175) sort_mirrors_by_speed(): Rating mirror 'http://mirror.es.its.nyu.edu/archlinux/'
2015-11-30 18:46:30 [DEBUG] rank_mirrors.py(175) sort_mirrors_by_speed(): Rating mirror 'http://f.archlinuxvn.org/archlinux/'
2015-11-30 18:46:30 [DEBUG] rank_mirrors.py(175) sort_mirrors_by_speed(): Rating mirror 'http://ftp.yzu.edu.tw/Linux/archlinux/'
2015-11-30 18:46:30 [DEBUG] rank_mirrors.py(175) sort_mirrors_by_speed(): Rating mirror 'http://archlinux.my-universe.com/'
2015-11-30 18:46:30 [DEBUG] rank_mirrors.py(175) sort_mirrors_by_speed(): Rating mirror 'http://mirrors.atviras.lt/archlinux/'
2015-11-30 18:46:30 [DEBUG] rank_mirrors.py(175) sort_mirrors_by_speed(): Rating mirror 'http://archlinux.pallissard.net/archlinux/'
2015-11-30 18:46:30 [DEBUG] rank_mirrors.py(175) sort_mirrors_by_speed(): Rating mirror 'http://mirror.lastmikoi.net/archlinux/'
2015-11-30 18:46:30 [DEBUG] rank_mirrors.py(175) sort_mirrors_by_speed(): Rating mirror 'http://arch.packages.gnp-tec.net/'
2015-11-30 18:46:30 [DEBUG] rank_mirrors.py(175) sort_mirrors_by_speed(): Rating mirror 'http://ftp.myrveln.se/pub/linux/archlinux/'
2015-11-30 18:46:30 [DEBUG] rank_mirrors.py(175) sort_mirrors_by_speed(): Rating mirror 'http://archlinux.mailtunnel.eu/'
2015-11-30 18:46:30 [DEBUG] rank_mirrors.py(175) sort_mirrors_by_speed(): Rating mirror 'http://archlinux.beccacervello.it/archlinux/'
2015-11-30 18:46:30 [DEBUG] rank_mirrors.py(175) sort_mirrors_by_speed(): Rating mirror 'http://mirror.bitjungle.info/archlinux/'
2015-11-30 18:46:30 [DEBUG] rank_mirrors.py(175) sort_mirrors_by_speed(): Rating mirror 'http://arch.static.lu/'
2015-11-30 18:46:30 [DEBUG] rank_mirrors.py(175) sort_mirrors_by_speed(): Rating mirror 'http://fooo.biz/archlinux/'
2015-11-30 18:46:30 [DEBUG] rank_mirrors.py(175) sort_mirrors_by_speed(): Rating mirror 'http://archlinux.bln-ua.net/'
2015-11-30 18:46:30 [DEBUG] rank_mirrors.py(175) sort_mirrors_by_speed(): Rating mirror 'http://archlinux.honkgong.info/'
2015-11-30 18:46:30 [DEBUG] rank_mirrors.py(175) sort_mirrors_by_speed(): Rating mirror 'http://mirror.fs.cx/archlinux/'
2015-11-30 18:46:30 [DEBUG] rank_mirrors.py(175) sort_mirrors_by_speed(): Rating mirror 'http://archlinux-br.mirror.host1plus.com/'
2015-11-30 18:46:30 [DEBUG] rank_mirrors.py(175) sort_mirrors_by_speed(): Rating mirror 'http://www.imegumii.space/arch/'
2015-11-30 18:46:30 [DEBUG] rank_mirrors.py(175) sort_mirrors_by_speed(): Rating mirror 'http://mirrors.uni-plovdiv.net/archlinux/'
2015-11-30 18:46:30 [DEBUG] rank_mirrors.py(175) sort_mirrors_by_speed(): Rating mirror 'http://arch.mirrors.ionfish.org/'
2015-11-30 18:46:30 [DEBUG] rank_mirrors.py(175) sort_mirrors_by_speed(): Rating mirror 'http://mirror.pseudoform.org/'
2015-11-30 18:46:42 [INFO] connectionpool.py(756) _new_conn(): Starting new HTTPS connection (1): raw.github.com
2015-11-30 18:46:43 [DEBUG] connectionpool.py(387) _make_request(): "GET /Antergos/Cnchi/master/update.info HTTP/1.1" 301 0
2015-11-30 18:46:43 [INFO] connectionpool.py(756) _new_conn(): Starting new HTTPS connection (1): raw.githubusercontent.com
2015-11-30 18:46:44 [DEBUG] connectionpool.py(387) _make_request(): "GET /Antergos/Cnchi/master/update.info HTTP/1.1" 200 14771
2015-11-30 18:46:44 [INFO] updater.py(100) __init__(): Internet version: 0.12.43
2015-11-30 18:46:49 [INFO] check.py(203) store_values(): We have Internet connection.
2015-11-30 18:46:49 [INFO] check.py(204) store_values(): We're connected to a power source.
2015-11-30 18:46:49 [INFO] check.py(205) store_values(): We have enough disk space.
2015-11-30 18:46:49 [INFO] connectionpool.py(207) _new_conn(): Starting new HTTP connection (1): build.antergos.com
2015-11-30 18:46:49 [DEBUG] connectionpool.py(387) _make_request(): "GET /hook?cnchi=5f44e12ab32b87a0993619870a0e2db2 HTTP/1.1" 200 None
2015-11-30 18:46:53 [DEBUG] rank_mirrors.py(182) sort_mirrors_by_speed(): Server                                                       Rate       Time
2015-11-30 18:46:53 [DEBUG] rank_mirrors.py(190) sort_mirrors_by_speed(): http://archlinux.puzzle.ch/                          295.63 KiB/s     0.41 s
2015-11-30 18:46:53 [DEBUG] rank_mirrors.py(190) sort_mirrors_by_speed(): http://mir.archlinux.fr/                             282.19 KiB/s     0.43 s
2015-11-30 18:46:53 [DEBUG] rank_mirrors.py(190) sort_mirrors_by_speed(): http://ftp5.gwdg.de/pub/linux/archlinux/             268.42 KiB/s     0.45 s
2015-11-30 18:46:53 [DEBUG] rank_mirrors.py(190) sort_mirrors_by_speed(): http://ftp.nluug.nl/os/Linux/distr/archlinux/        258.14 KiB/s     0.47 s
2015-11-30 18:46:53 [DEBUG] rank_mirrors.py(190) sort_mirrors_by_speed(): http://mirror.archlinux.no/                          194.63 KiB/s     0.63 s
2015-11-30 18:46:53 [DEBUG] rank_mirrors.py(190) sort_mirrors_by_speed(): http://mirror.umd.edu/archlinux/                     125.48 KiB/s     0.97 s
2015-11-30 18:46:53 [DEBUG] rank_mirrors.py(190) sort_mirrors_by_speed(): http://archlinux.mirrors.uk2.net/                     90.24 KiB/s     1.35 s
2015-11-30 18:46:53 [DEBUG] rank_mirrors.py(190) sort_mirrors_by_speed(): http://ftp.rnl.tecnico.ulisboa.pt/pub/archlinux/     169.18 KiB/s     0.72 s
2015-11-30 18:46:53 [DEBUG] rank_mirrors.py(190) sort_mirrors_by_speed(): http://mirror.internode.on.net/pub/archlinux/         53.83 KiB/s     2.27 s
2015-11-30 18:46:53 [DEBUG] rank_mirrors.py(190) sort_mirrors_by_speed(): http://www.las.ic.unicamp.br/pub/archlinux/           43.19 KiB/s     2.83 s
2015-11-30 18:46:53 [DEBUG] rank_mirrors.py(190) sort_mirrors_by_speed(): http://mirror.datacenter.by/pub/archlinux/           310.50 KiB/s     0.39 s
2015-11-30 18:46:53 [DEBUG] rank_mirrors.py(190) sort_mirrors_by_speed(): http://pet.inf.ufsc.br/mirrors/archlinux/             57.21 KiB/s     2.13 s
2015-11-30 18:46:53 [DEBUG] rank_mirrors.py(190) sort_mirrors_by_speed(): http://archlinux.polymorf.fr/                        305.16 KiB/s     0.40 s
2015-11-30 18:46:53 [DEBUG] rank_mirrors.py(190) sort_mirrors_by_speed(): http://ftp.byfly.by/pub/archlinux/                   218.50 KiB/s     0.56 s
2015-11-30 18:46:53 [DEBUG] rank_mirrors.py(190) sort_mirrors_by_speed(): http://mirror.de.leaseweb.net/archlinux/             601.49 KiB/s     0.20 s
2015-11-30 18:46:53 [DEBUG] rank_mirrors.py(190) sort_mirrors_by_speed(): http://mirror.nl.leaseweb.net/archlinux/             414.72 KiB/s     0.29 s
2015-11-30 18:46:53 [DEBUG] rank_mirrors.py(190) sort_mirrors_by_speed(): http://mirrors.n-ix.net/archlinux/                   422.45 KiB/s     0.29 s
2015-11-30 18:46:53 [DEBUG] rank_mirrors.py(190) sort_mirrors_by_speed(): http://mirror.cinosure.com/archlinux/                353.92 KiB/s     0.35 s
2015-11-30 18:46:53 [DEBUG] rank_mirrors.py(190) sort_mirrors_by_speed(): http://ftp.tuxdroid.org/archlinux/                   348.48 KiB/s     0.35 s
2015-11-30 18:46:53 [DEBUG] rank_mirrors.py(190) sort_mirrors_by_speed(): http://mirror.us.leaseweb.net/archlinux/             173.86 KiB/s     0.70 s
2015-11-30 18:46:53 [DEBUG] rank_mirrors.py(190) sort_mirrors_by_speed(): http://mirror.bytemark.co.uk/archlinux/              363.90 KiB/s     0.34 s
2015-11-30 18:46:53 [DEBUG] rank_mirrors.py(190) sort_mirrors_by_speed(): http://foss.aueb.gr/mirrors/linux/archlinux/          62.81 KiB/s     1.94 s
2015-11-30 18:46:53 [DEBUG] rank_mirrors.py(190) sort_mirrors_by_speed(): http://ftp.wa.co.za/pub/archlinux/                    82.61 KiB/s     1.48 s
2015-11-30 18:46:53 [DEBUG] rank_mirrors.py(190) sort_mirrors_by_speed(): http://mirror.fluxent.de/archlinux/                  377.57 KiB/s     0.32 s
2015-11-30 18:46:53 [DEBUG] rank_mirrors.py(190) sort_mirrors_by_speed(): http://ftp.snt.utwente.nl/pub/os/linux/archlinux/    385.23 KiB/s     0.32 s
2015-11-30 18:46:53 [DEBUG] rank_mirrors.py(190) sort_mirrors_by_speed(): http://mirror1.htu.tugraz.at/archlinux/              239.71 KiB/s     0.51 s
2015-11-30 18:46:53 [DEBUG] rank_mirrors.py(190) sort_mirrors_by_speed(): http://ftp.tsukuba.wide.ad.jp/Linux/archlinux/        41.43 KiB/s     2.95 s
2015-11-30 18:46:53 [DEBUG] rank_mirrors.py(190) sort_mirrors_by_speed(): http://mirror.hactar.bz/                             234.21 KiB/s     0.52 s
2015-11-30 18:46:53 [DEBUG] rank_mirrors.py(190) sort_mirrors_by_speed(): http://arch.tamcore.eu/                              381.24 KiB/s     0.32 s
2015-11-30 18:46:53 [DEBUG] rank_mirrors.py(190) sort_mirrors_by_speed(): http://arch.nimukaito.net/                           264.51 KiB/s     0.46 s
2015-11-30 18:46:53 [DEBUG] rank_mirrors.py(190) sort_mirrors_by_speed(): http://mirrors.acm.wpi.edu/archlinux/                139.14 KiB/s     0.88 s
2015-11-30 18:46:53 [DEBUG] rank_mirrors.py(190) sort_mirrors_by_speed(): http://mirror.neuf.no/archlinux/                     216.69 KiB/s     0.56 s
2015-11-30 18:46:53 [DEBUG] rank_mirrors.py(190) sort_mirrors_by_speed(): http://mirror.gnomus.de/                             367.98 KiB/s     0.33 s
2015-11-30 18:46:53 [DEBUG] rank_mirrors.py(190) sort_mirrors_by_speed(): http://k42.ch/mirror/archlinux/                      325.49 KiB/s     0.38 s
2015-11-30 18:46:53 [DEBUG] rank_mirrors.py(190) sort_mirrors_by_speed(): http://ftp.tku.edu.tw/Linux/ArchLinux/                16.60 KiB/s     7.36 s
2015-11-30 18:46:53 [DEBUG] rank_mirrors.py(190) sort_mirrors_by_speed(): http://mirror.tyborek.pl/arch/                       317.15 KiB/s     0.39 s
2015-11-30 18:46:53 [DEBUG] rank_mirrors.py(190) sort_mirrors_by_speed(): http://suro.ubaya.ac.id/archlinux/                    43.88 KiB/s     2.78 s
2015-11-30 18:46:53 [DEBUG] rank_mirrors.py(190) sort_mirrors_by_speed(): http://mirror.one.com/archlinux/                     211.40 KiB/s     0.58 s
2015-11-30 18:46:53 [DEBUG] rank_mirrors.py(190) sort_mirrors_by_speed(): http://archlinux.my-universe.com/                    224.08 KiB/s     0.54 s
2015-11-30 18:46:53 [DEBUG] rank_mirrors.py(190) sort_mirrors_by_speed(): http://mirror.es.its.nyu.edu/archlinux/               59.53 KiB/s     2.05 s
2015-11-30 18:46:53 [DEBUG] rank_mirrors.py(190) sort_mirrors_by_speed(): http://mirrors.atviras.lt/archlinux/                  77.98 KiB/s     1.57 s
2015-11-30 18:46:53 [DEBUG] rank_mirrors.py(190) sort_mirrors_by_speed(): http://f.archlinuxvn.org/archlinux/                   43.41 KiB/s     2.81 s
2015-11-30 18:46:53 [DEBUG] rank_mirrors.py(190) sort_mirrors_by_speed(): http://mirror.lastmikoi.net/archlinux/               263.92 KiB/s     0.46 s
2015-11-30 18:46:53 [DEBUG] rank_mirrors.py(190) sort_mirrors_by_speed(): http://arch.packages.gnp-tec.net/                    383.58 KiB/s     0.32 s
2015-11-30 18:46:53 [DEBUG] rank_mirrors.py(190) sort_mirrors_by_speed(): http://archlinux.pallissard.net/archlinux/            84.32 KiB/s     1.45 s
2015-11-30 18:46:53 [DEBUG] rank_mirrors.py(190) sort_mirrors_by_speed(): http://archlinux.mailtunnel.eu/                      334.29 KiB/s     0.37 s
2015-11-30 18:46:53 [DEBUG] rank_mirrors.py(190) sort_mirrors_by_speed(): http://ftp.myrveln.se/pub/linux/archlinux/           183.86 KiB/s     0.66 s
2015-11-30 18:46:53 [DEBUG] rank_mirrors.py(190) sort_mirrors_by_speed(): http://archlinux.cs.nctu.edu.tw/                      12.52 KiB/s     9.75 s
2015-11-30 18:46:53 [DEBUG] rank_mirrors.py(190) sort_mirrors_by_speed(): http://ftp.yzu.edu.tw/Linux/archlinux/                33.25 KiB/s     3.67 s
2015-11-30 18:46:53 [DEBUG] rank_mirrors.py(190) sort_mirrors_by_speed(): http://arch.static.lu/                               266.61 KiB/s     0.46 s
2015-11-30 18:46:53 [DEBUG] rank_mirrors.py(190) sort_mirrors_by_speed(): http://archlinux.beccacervello.it/archlinux/         174.67 KiB/s     0.70 s
2015-11-30 18:46:53 [DEBUG] rank_mirrors.py(190) sort_mirrors_by_speed(): http://mirror.bitjungle.info/archlinux/              189.36 KiB/s     0.64 s
2015-11-30 18:46:53 [DEBUG] rank_mirrors.py(190) sort_mirrors_by_speed(): http://archlinux.honkgong.info/                      361.34 KiB/s     0.34 s
2015-11-30 18:46:53 [DEBUG] rank_mirrors.py(190) sort_mirrors_by_speed(): http://mirror.fs.cx/archlinux/                       251.83 KiB/s     0.48 s
2015-11-30 18:46:53 [DEBUG] rank_mirrors.py(190) sort_mirrors_by_speed(): http://www.imegumii.space/arch/                      320.00 KiB/s     0.38 s
2015-11-30 18:46:53 [DEBUG] rank_mirrors.py(190) sort_mirrors_by_speed(): http://archlinux.bln-ua.net/                          85.88 KiB/s     1.42 s
2015-11-30 18:46:53 [DEBUG] rank_mirrors.py(190) sort_mirrors_by_speed(): http://arch.mirrors.ionfish.org/                     150.05 KiB/s     0.81 s
2015-11-30 18:46:53 [DEBUG] rank_mirrors.py(190) sort_mirrors_by_speed(): http://mirror.pseudoform.org/                        350.97 KiB/s     0.35 s
2015-11-30 18:46:53 [DEBUG] rank_mirrors.py(190) sort_mirrors_by_speed(): http://archlinux-br.mirror.host1plus.com/             78.30 KiB/s     1.56 s
2015-11-30 18:46:53 [DEBUG] rank_mirrors.py(190) sort_mirrors_by_speed(): http://mirrors.uni-plovdiv.net/archlinux/             22.23 KiB/s     5.49 s
2015-11-30 18:46:53 [DEBUG] rank_mirrors.py(190) sort_mirrors_by_speed(): http://fooo.biz/archlinux/                            11.80 KiB/s    10.35 s
2015-11-30 18:46:53 [DEBUG] rank_mirrors.py(277) run(): Running rankmirrors command to sort Antergos mirrors...
2015-11-30 18:46:55 [DEBUG] location.py(228) store_values(): Selected location: German (DE), Germany
2015-11-30 18:46:55 [DEBUG] location.py(211) set_locale(): Locale changed to : de_DE.UTF-8
2015-11-30 18:46:55 [DEBUG] location.py(246) store_values(): Selected country name: Germany
2015-11-30 18:46:55 [DEBUG] location.py(247) store_values(): Selected country code: de
2015-11-30 18:46:55 [INFO] timezone.py(107) on_location_changed(): Location changed to : Europe/Berlin
2015-11-30 18:46:57 [DEBUG] timezone.py(212) log_location(): timezone human zone: Berlin
2015-11-30 18:46:57 [DEBUG] timezone.py(213) log_location(): timezone country: DE
2015-11-30 18:46:57 [DEBUG] timezone.py(214) log_location(): timezone zone: Europe/Berlin
2015-11-30 18:46:57 [DEBUG] timezone.py(215) log_location(): timezone human country: Germany
2015-11-30 18:46:57 [DEBUG] timezone.py(218) log_location(): timezone comment: most locations
2015-11-30 18:46:57 [DEBUG] timezone.py(221) log_location(): timezone latitude: 52.3
2015-11-30 18:46:57 [DEBUG] timezone.py(224) log_location(): timezone longitude: 13.22
2015-11-30 18:46:58 [DEBUG] keymap.py(286) set_keymap(): Definiere Tastatur mit dem Layout  'German' (de)
2015-11-30 18:47:00 [DEBUG] keymap.py(286) set_keymap(): Definiere Tastatur mit dem Layout  'German' (de)
2015-11-30 18:47:20 [DEBUG] keymap.py(286) set_keymap(): Definiere Tastatur mit dem Layout  'English (US)' (us)
2015-11-30 18:47:20 [DEBUG] rank_mirrors.py(282) run(): Auto mirror selection has been run successfully.
2015-11-30 18:47:21 [DEBUG] keymap.py(286) set_keymap(): Definiere Tastatur mit dem Layout  'English (US)' (us)
2015-11-30 18:47:21 [DEBUG] keymap.py(286) set_keymap(): Definiere Tastatur mit dem Layout  'English (US)' (us)
2015-11-30 18:47:23 [DEBUG] keymap.py(286) set_keymap(): Definiere Tastatur mit dem Layout  'English (US)' (us)
2015-11-30 18:47:31 [INFO] desktop.py(208) store_values(): Cnchi will install Antergos with the 'mate' desktop
2015-11-30 18:47:56 [DEBUG] features.py(254) store_values(): Feature 'aur' has been selected
2015-11-30 18:47:56 [DEBUG] features.py(254) store_values(): Feature 'bluetooth' has been selected
2015-11-30 18:47:56 [DEBUG] features.py(254) store_values(): Feature 'cups' has been selected
2015-11-30 18:47:56 [DEBUG] features.py(254) store_values(): Feature 'firefox' has been selected
2015-11-30 18:47:56 [DEBUG] features.py(254) store_values(): Feature 'firewall' has been selected
2015-11-30 18:47:56 [DEBUG] features.py(254) store_values(): Feature 'fonts' has been selected
2015-11-30 18:47:56 [DEBUG] features.py(254) store_values(): Feature 'lts' has been selected
2015-11-30 18:47:56 [DEBUG] features.py(254) store_values(): Feature 'office' has been selected
2015-11-30 18:47:56 [DEBUG] features.py(254) store_values(): Feature 'smb' has been selected
2015-11-30 18:48:07 [DEBUG] fs_module.py(57) get_label(): Can't get partition /dev/sda3 label (or it does not have any)
2015-11-30 18:48:21 [DEBUG] fs_module.py(57) get_label(): Can't get partition /dev/sda3 label (or it does not have any)
2015-11-30 18:48:31 [DEBUG] fs_module.py(57) get_label(): Can't get partition /dev/sda3 label (or it does not have any)
2015-11-30 18:49:01 [INFO] advanced.py(2013) set_bootloader(): Antergos will install the bootloader grub2 in device /dev/sda
2015-11-30 18:49:01 [DEBUG] advanced.py(1971) get_changes(): Gerät /dev/sda3 wird geändert, nicht umbenannt, formatiert, eingehängt als / und nicht verschlüsselt.
2015-11-30 18:49:01 [DEBUG] advanced.py(1971) get_changes(): Gerät /dev/sda4 wird geändert, nicht umbenannt, nicht formatiert, eingehängt als /home und nicht verschlüsselt.
2015-11-30 18:49:01 [DEBUG] advanced.py(1971) get_changes(): Gerät /dev/sda1 wird geändert, nicht umbenannt, formatiert, eingehängt als /boot und nicht verschlüsselt.
2015-11-30 18:49:01 [DEBUG] advanced.py(1971) get_changes(): Gerät /dev/sda2 wird geändert, nicht umbenannt, formatiert, eingehängt als swap und nicht verschlüsselt.
2015-11-30 18:49:07 [DEBUG] select_packages.py(113) create_package_list(): Refreshing pacman databases...
2015-11-30 18:49:07 [DEBUG] pac.py(114) initialize_alpm(): ALPM initialised with root dir / and db path /var/lib/pacman
2015-11-30 18:49:07 [DEBUG] pac.py(506) cb_log(): url: http://mirror.de.leaseweb.net/archlinux/core/os/x86_64/core.db
2015-11-30 18:49:07 [DEBUG] pac.py(506) cb_log(): maxsize: 26214400
2015-11-30 18:49:07 [DEBUG] pac.py(506) cb_log(): opened tempfile for download: /var/lib/pacman/sync/core.db.part (wb)
2015-11-30 18:49:07 [DEBUG] pac.py(506) cb_log(): curl returned error 0 from transfer
2015-11-30 18:49:07 [DEBUG] pac.py(506) cb_log(): response code: 200
2015-11-30 18:49:07 [DEBUG] pac.py(506) cb_log(): url: http://mirror.de.leaseweb.net/archlinux/extra/os/x86_64/extra.db
2015-11-30 18:49:07 [DEBUG] pac.py(506) cb_log(): maxsize: 26214400
2015-11-30 18:49:07 [DEBUG] pac.py(506) cb_log(): opened tempfile for download: /var/lib/pacman/sync/extra.db.part (wb)
2015-11-30 18:49:08 [DEBUG] pac.py(506) cb_log(): curl returned error 0 from transfer
2015-11-30 18:49:08 [DEBUG] pac.py(506) cb_log(): response code: 200
2015-11-30 18:49:08 [DEBUG] pac.py(506) cb_log(): url: http://mirror.de.leaseweb.net/archlinux/community/os/x86_64/community.db
2015-11-30 18:49:08 [DEBUG] pac.py(506) cb_log(): maxsize: 26214400
2015-11-30 18:49:08 [DEBUG] pac.py(506) cb_log(): opened tempfile for download: /var/lib/pacman/sync/community.db.part (wb)
2015-11-30 18:49:10 [DEBUG] pac.py(506) cb_log(): curl returned error 0 from transfer
2015-11-30 18:49:10 [DEBUG] pac.py(506) cb_log(): response code: 200
2015-11-30 18:49:10 [DEBUG] pac.py(506) cb_log(): url: http://mirror.de.leaseweb.net/antergos/antergos-staging/x86_64/antergos-staging.db
2015-11-30 18:49:10 [DEBUG] pac.py(506) cb_log(): maxsize: 26214400
2015-11-30 18:49:10 [DEBUG] pac.py(506) cb_log(): opened tempfile for download: /var/lib/pacman/sync/antergos-staging.db.part (wb)
2015-11-30 18:49:10 [DEBUG] pac.py(506) cb_log(): curl returned error 0 from transfer
2015-11-30 18:49:10 [DEBUG] pac.py(506) cb_log(): response code: 200
2015-11-30 18:49:10 [DEBUG] pac.py(506) cb_log(): url: http://mirror.de.leaseweb.net/antergos/antergos/x86_64/antergos.db
2015-11-30 18:49:10 [DEBUG] pac.py(506) cb_log(): maxsize: 26214400
2015-11-30 18:49:10 [DEBUG] pac.py(506) cb_log(): opened tempfile for download: /var/lib/pacman/sync/antergos.db.part (wb)
2015-11-30 18:49:11 [DEBUG] pac.py(506) cb_log(): curl returned error 0 from transfer
2015-11-30 18:49:11 [DEBUG] pac.py(506) cb_log(): response code: 200
2015-11-30 18:49:11 [DEBUG] pac.py(506) cb_log(): url: http://mirror.de.leaseweb.net/archlinux/multilib/os/x86_64/multilib.db
2015-11-30 18:49:11 [DEBUG] pac.py(506) cb_log(): maxsize: 26214400
2015-11-30 18:49:11 [DEBUG] pac.py(506) cb_log(): opened tempfile for download: /var/lib/pacman/sync/multilib.db.part (wb)
2015-11-30 18:49:11 [DEBUG] pac.py(506) cb_log(): curl returned error 0 from transfer
2015-11-30 18:49:11 [DEBUG] pac.py(506) cb_log(): response code: 200
2015-11-30 18:49:11 [DEBUG] select_packages.py(115) create_package_list(): Pacman ready
2015-11-30 18:49:11 [DEBUG] select_packages.py(117) create_package_list(): Selecting packages...
2015-11-30 18:49:11 [DEBUG] select_packages.py(166) select_packages(): Getting url http://install.antergos.com/packages-12.xml...
2015-11-30 18:49:11 [DEBUG] select_packages.py(206) select_packages(): Adding mate desktop packages
2015-11-30 18:49:11 [DEBUG] hardware.py(216) __init__(): Cnchi will test 18 drivers for 28 hardware devices
2015-11-30 18:49:11 [DEBUG] select_packages.py(241) select_packages(): Hardware module detected these drivers: ['Radeon']
2015-11-30 18:49:11 [DEBUG] select_packages.py(246) select_packages(): Hardware module added these packages: lib32-mesa, libva-vdpau-driver, xf86-video-ati, libtxc_dxtn, lib32-mesa-libgl
2015-11-30 18:49:11 [DEBUG] select_packages.py(257) select_packages(): Adding filesystem packages
2015-11-30 18:49:11 [DEBUG] select_packages.py(278) select_packages(): Füge ‚grub2‘-Bootloaderpakete hinzu
2015-11-30 18:49:11 [DEBUG] select_packages.py(287) select_packages(): Check for user desired features and add them to our installation
2015-11-30 18:49:11 [DEBUG] select_packages.py(332) add_features_packages(): Adding packages for 'aur' feature.
2015-11-30 18:49:11 [DEBUG] select_packages.py(349) add_features_packages(): Selecting package yaourt for feature aur
2015-11-30 18:49:11 [DEBUG] select_packages.py(349) add_features_packages(): Selecting package cmake for feature aur
2015-11-30 18:49:11 [DEBUG] select_packages.py(349) add_features_packages(): Selecting package git for feature aur
2015-11-30 18:49:11 [DEBUG] select_packages.py(349) add_features_packages(): Selecting package bzr for feature aur
2015-11-30 18:49:11 [DEBUG] select_packages.py(332) add_features_packages(): Adding packages for 'bluetooth' feature.
2015-11-30 18:49:11 [DEBUG] select_packages.py(349) add_features_packages(): Selecting package bluez-utils for feature bluetooth
2015-11-30 18:49:11 [DEBUG] select_packages.py(349) add_features_packages(): Selecting package pulseaudio-bluetooth for feature bluetooth
2015-11-30 18:49:11 [DEBUG] select_packages.py(349) add_features_packages(): Selecting package blueman for feature bluetooth
2015-11-30 18:49:11 [DEBUG] select_packages.py(349) add_features_packages(): Selecting package python2-pybluez for feature bluetooth
2015-11-30 18:49:11 [DEBUG] select_packages.py(332) add_features_packages(): Adding packages for 'cups' feature.
2015-11-30 18:49:11 [DEBUG] select_packages.py(349) add_features_packages(): Selecting package cups for feature cups
2015-11-30 18:49:11 [DEBUG] select_packages.py(349) add_features_packages(): Selecting package cups-pk-helper for feature cups
2015-11-30 18:49:11 [DEBUG] select_packages.py(349) add_features_packages(): Selecting package gsfonts for feature cups
2015-11-30 18:49:11 [DEBUG] select_packages.py(349) add_features_packages(): Selecting package hplip for feature cups
2015-11-30 18:49:11 [DEBUG] select_packages.py(349) add_features_packages(): Selecting package system-config-printer for feature cups
2015-11-30 18:49:11 [DEBUG] select_packages.py(349) add_features_packages(): Selecting package splix for feature cups
2015-11-30 18:49:11 [DEBUG] select_packages.py(332) add_features_packages(): Adding packages for 'firefox' feature.
2015-11-30 18:49:11 [DEBUG] select_packages.py(349) add_features_packages(): Selecting package firefox for feature firefox
2015-11-30 18:49:11 [DEBUG] select_packages.py(349) add_features_packages(): Selecting package flashplugin for feature firefox
2015-11-30 18:49:11 [DEBUG] select_packages.py(332) add_features_packages(): Adding packages for 'firewall' feature.
2015-11-30 18:49:11 [DEBUG] select_packages.py(349) add_features_packages(): Selecting package gufw for feature firewall
2015-11-30 18:49:11 [DEBUG] select_packages.py(349) add_features_packages(): Selecting package ufw for feature firewall
2015-11-30 18:49:11 [DEBUG] select_packages.py(332) add_features_packages(): Adding packages for 'fonts' feature.
2015-11-30 18:49:11 [DEBUG] select_packages.py(349) add_features_packages(): Selecting package ttf-freefont for feature fonts
2015-11-30 18:49:11 [DEBUG] select_packages.py(349) add_features_packages(): Selecting package ttf-google-fonts for feature fonts
2015-11-30 18:49:11 [DEBUG] select_packages.py(332) add_features_packages(): Adding packages for 'lts' feature.
2015-11-30 18:49:11 [DEBUG] select_packages.py(349) add_features_packages(): Selecting package linux-lts for feature lts
2015-11-30 18:49:11 [DEBUG] select_packages.py(332) add_features_packages(): Adding packages for 'office' feature.
2015-11-30 18:49:11 [DEBUG] select_packages.py(349) add_features_packages(): Selecting package libreoffice-fresh for feature office
2015-11-30 18:49:11 [DEBUG] select_packages.py(349) add_features_packages(): Selecting package hunspell-en for feature office
2015-11-30 18:49:11 [DEBUG] select_packages.py(332) add_features_packages(): Adding packages for 'smb' feature.
2015-11-30 18:49:11 [DEBUG] select_packages.py(349) add_features_packages(): Selecting package gvfs-smb for feature smb
2015-11-30 18:49:11 [DEBUG] select_packages.py(349) add_features_packages(): Selecting package python-pysmbc for feature smb
2015-11-30 18:49:11 [DEBUG] select_packages.py(354) add_features_packages(): Add libreoffice language package
2015-11-30 18:49:11 [DEBUG] select_packages.py(386) add_features_packages(): Add libreoffice language package
2015-11-30 18:49:11 [DEBUG] select_packages.py(289) select_packages(): All features needed packages have been added
2015-11-30 18:49:11 [DEBUG] select_packages.py(301) select_packages(): Conflicts list: chromium-pepper-flash, ttf-droid, chromium, libreoffice-installer
2015-11-30 18:49:11 [DEBUG] select_packages.py(306) select_packages(): Packages list: mate-utils,firefox-i18n-de,xf86-video-fbdev,ttf-freefont,totem,libdvdcss,mate-terminal,openssh,transmission-gtk,grub,cmake,ttf-bitstream-vera,net-tools,pragha,flashplugin,libreoffice-fresh-de,yaourt,caja,ntfs-3g,libtxc_dxtn,bzr,usb_modeswitch,network-manager-applet,lightdm,cups,haveged,numix-frost-themes,base-devel,pluma,mate-mint-menu,libreoffice-fresh,xorg-xkill,python-pysmbc,ttf-google-fonts,linux-lts,numix-icon-theme-square,nilfs-utils,caja-open-terminal,lightdm-webkit2-greeter,engrampa,blueman,xorg-fonts,wpa_actiond,e2fsprogs,xf86-video-vesa,gksu,pavucontrol,base,nfs-utils,ttf-liberation,mozo,mesa-vdpau,pamac,antergos-wallpapers,pulseaudio,gstreamer-vaapi,gzip,tar,firefox,libva-vdpau-driver,bind-tools,xf86-input-synaptics,mate,jfsutils,wget,hunspell-en,reiserfsprogs,mate-system-monitor,bluez-utils,unzip,exfat-utils,xorg-xinit,bash-completion,gst-plugins-ugly,dmraid,pulseaudio-alsa,grub2-theme-antergos,antergos-mirrorlist,dosfstools,caja-gksu,eom,cups-pk-helper,acpid,gst-libav,xfburn,system-config-printer,ufw,upower,mate-media,gsfonts,xorg-apps,ttf-dejavu,b43-fwcutter,pulseaudio-bluetooth,gst-plugins-good,mesa,gvfs-smb,networkmanager-pptp,whois,zd1211-firmware,xorg-server-utils,xfsprogs,wireless_tools,gst-plugins-base,sudo,gst-plugins-bad,splix,gufw,antergos-keyring,accountsservice,mate-applets,crda,modemmanager,xdg-user-dirs-gtk,unrar,numix-icon-theme,antergos-welcome,lib32-mesa,python2-pybluez,cdrkit,pidgin,btrfs-progs,ipw2100-fw,os-prober,pkgfile,mate-screensaver,xf86-video-ati,gstreamer0.10-plugins,galculator-gtk2,alsa-utils,gvfs-mtp,lib32-mesa-libgl,hplip,networkmanager-openvpn,ipw2200-fw,mate-power-manager,xorg-server,ffmpegthumbnailer,f2fs-tools,git,atril
2015-11-30 18:49:11 [DEBUG] select_packages.py(119) create_package_list(): Packages selected
2015-11-30 18:49:11 [DEBUG] pac.py(114) initialize_alpm(): ALPM initialised with root dir / and db path /var/lib/pacman
2015-11-30 18:49:11 [DEBUG] pac.py(506) cb_log(): loading package cache for repository 'core'
2015-11-30 18:49:11 [DEBUG] pac.py(506) cb_log(): opening archive /var/lib/pacman/sync/core.db
2015-11-30 18:49:12 [DEBUG] pac.py(506) cb_log(): added 210 packages to package cache for db 'core'
2015-11-30 18:49:12 [DEBUG] pac.py(506) cb_log(): loading group cache for repository 'core'
2015-11-30 18:49:12 [DEBUG] pac.py(506) cb_log(): loading package cache for repository 'extra'
2015-11-30 18:49:12 [DEBUG] pac.py(506) cb_log(): opening archive /var/lib/pacman/sync/extra.db
2015-11-30 18:49:12 [DEBUG] pac.py(506) cb_log(): added 3228 packages to package cache for db 'extra'
2015-11-30 18:49:12 [DEBUG] pac.py(506) cb_log(): loading group cache for repository 'extra'
2015-11-30 18:49:12 [DEBUG] pac.py(506) cb_log(): loading package cache for repository 'community'
2015-11-30 18:49:12 [DEBUG] pac.py(506) cb_log(): opening archive /var/lib/pacman/sync/community.db
2015-11-30 18:49:12 [DEBUG] pac.py(506) cb_log(): added 4617 packages to package cache for db 'community'
2015-11-30 18:49:12 [DEBUG] pac.py(506) cb_log(): loading package cache for repository 'antergos-staging'
2015-11-30 18:49:12 [DEBUG] pac.py(506) cb_log(): opening archive /var/lib/pacman/sync/antergos-staging.db
2015-11-30 18:49:12 [DEBUG] pac.py(506) cb_log(): added 6 packages to package cache for db 'antergos-staging'
2015-11-30 18:49:12 [DEBUG] pac.py(506) cb_log(): loading group cache for repository 'antergos-staging'
2015-11-30 18:49:12 [DEBUG] pac.py(506) cb_log(): loading package cache for repository 'antergos'
2015-11-30 18:49:12 [DEBUG] pac.py(506) cb_log(): opening archive /var/lib/pacman/sync/antergos.db
2015-11-30 18:49:12 [DEBUG] pac.py(506) cb_log(): added 94 packages to package cache for db 'antergos'
2015-11-30 18:49:12 [DEBUG] pac.py(506) cb_log(): loading group cache for repository 'antergos'
2015-11-30 18:49:12 [DEBUG] pac.py(506) cb_log(): loading package cache for repository 'multilib'
2015-11-30 18:49:12 [DEBUG] pac.py(506) cb_log(): opening archive /var/lib/pacman/sync/multilib.db
2015-11-30 18:49:12 [DEBUG] pac.py(506) cb_log(): added 215 packages to package cache for db 'multilib'
2015-11-30 18:49:12 [DEBUG] pac.py(506) cb_log(): loading group cache for repository 'multilib'
2015-11-30 18:49:12 [DEBUG] pac.py(506) cb_log(): loading package cache for repository 'local'
2015-11-30 18:49:12 [DEBUG] pac.py(506) cb_log(): added 826 packages to package cache for db 'local'
2015-11-30 18:49:13 [DEBUG] pac.py(506) cb_log(): loading group cache for repository 'community'
2015-11-30 18:49:38 [INFO] slides.py(224) manage_events_from_cb_queue(): core Datenbank wird aktualisiert
2015-11-30 18:49:38 [INFO] slides.py(224) manage_events_from_cb_queue(): extra Datenbank wird aktualisiert
2015-11-30 18:49:38 [INFO] slides.py(224) manage_events_from_cb_queue(): community Datenbank wird aktualisiert
2015-11-30 18:49:38 [INFO] slides.py(224) manage_events_from_cb_queue(): antergos-staging Datenbank wird aktualisiert
2015-11-30 18:49:38 [INFO] slides.py(224) manage_events_from_cb_queue(): antergos Datenbank wird aktualisiert
2015-11-30 18:49:38 [INFO] slides.py(224) manage_events_from_cb_queue(): multilib Datenbank wird aktualisiert
2015-11-30 18:49:38 [INFO] slides.py(224) manage_events_from_cb_queue(): Empfange Paketliste...
2015-11-30 18:49:38 [INFO] slides.py(224) manage_events_from_cb_queue(): Erstelle Liste herunterzuladender Pakete...
2015-11-30 18:49:42 [DEBUG] advanced.py(2017) run_format(): Creating partitions and their filesystems...
2015-11-30 18:49:42 [INFO] advanced.py(2064) run_format(): Creating new swap filesystem in /dev/sda2 labeled AntergosSwap
2015-11-30 18:49:42 [INFO] advanced.py(2141) run_format(): Setting up swapspace version 1, size = 3.7 GiB (3957321728 bytes)
LABEL=AntergosSwap, UUID=bed4aaf5-bb01-4176-9d49-7aa189024d83

2015-11-30 18:49:42 [INFO] advanced.py(2064) run_format(): Creating new ext4 filesystem in /dev/sda4 labeled AntergosHome
2015-11-30 18:49:42 [INFO] advanced.py(2064) run_format(): Creating new ext2 filesystem in /dev/sda1 labeled AntergosBoot
2015-11-30 18:49:42 [INFO] slides.py(224) manage_events_from_cb_queue(): 
2015-11-30 18:49:43 [INFO] advanced.py(2162) finalize_changes(): Saved changes to disk
2015-11-30 18:49:45 [INFO] advanced.py(2141) run_format(): 
2015-11-30 18:49:45 [INFO] advanced.py(2064) run_format(): Creating new ext4 filesystem in /dev/sda3
2015-11-30 18:49:45 [ERROR] fs_module.py(244) create_fs(): Command '['mkfs.ext4', '-q', '-m', '1', '-O', 'dir_index', '/dev/sda3']' returned non-zero exit status 1
2015-11-30 18:49:45 [ERROR] advanced.py(2145) run_format(): Couldn't format partition '/dev/sda3' with label '' as 'ext4': Command '['mkfs.ext4', '-q', '-m', '1', '-O', 'dir_index', '/dev/sda3']' returned non-zero exit status 1
2015-11-30 18:49:45 [ERROR] process.py(106) run(): could not convert value for property `transient_for' from InstallationAdvanced to GtkWindow
2015-11-30 18:49:45 [ERROR] process.py(110) run(): Traceback (most recent call last):
2015-11-30 18:49:45 [ERROR] process.py(110) run():   File "/usr/share/cnchi/cnchi/installation/process.py", line 88, in run
    self.install_screen.run_format()
2015-11-30 18:49:45 [ERROR] process.py(110) run():   File "/usr/share/cnchi/cnchi/installation/advanced.py", line 2148, in run_format
    show.error(self.get_toplevel(), txt)
2015-11-30 18:49:45 [ERROR] process.py(110) run():   File "/usr/share/cnchi/cnchi/show_message.py", line 58, in error
    text=_("Antergos Installer - Error"))
2015-11-30 18:49:45 [ERROR] process.py(110) run():   File "/usr/lib/python3.5/site-packages/gi/overrides/__init__.py", line 326, in new_init
    return super_init_func(self, **new_kwargs)
2015-11-30 18:49:45 [ERROR] process.py(110) run():   File "/usr/lib/python3.5/site-packages/gi/overrides/Gtk.py", line 537, in __init__
    self._init(*args, **new_kwargs)
2015-11-30 18:49:45 [ERROR] process.py(110) run():   File "/usr/lib/python3.5/site-packages/gi/overrides/__init__.py", line 326, in new_init
    return super_init_func(self, **new_kwargs)
2015-11-30 18:49:45 [ERROR] process.py(110) run():   File "/usr/lib/python3.5/site-packages/gi/overrides/__init__.py", line 326, in new_init
    return super_init_func(self, **new_kwargs)
2015-11-30 18:49:45 [ERROR] process.py(110) run(): TypeError: could not convert value for property `transient_for' from InstallationAdvanced to GtkWindow
