2015-12-05 13:11:43 [INFO] cnchi.py(209) setup_logging(): Sending Cnchi log messages to bugsnag server (using python-bugsnag).
2015-12-05 13:11:43 [INFO] cnchi.py(265) check_gtk_version(): Using GTK v3.18.4
2015-12-05 13:11:43 [INFO] cnchi.py(277) check_pyalpm_version(): Using pyalpm v0.7 as interface to libalpm v9.0.1
2015-12-05 13:11:43 [INFO] main_window.py(76) __init__(): Cnchi installer version 0.12.43
2015-12-05 13:11:43 [INFO] main_window.py(166) __init__(): Using requests to download packages
2015-12-05 13:11:43 [DEBUG] gtkbasebox.py(58) __init__(): Loading 'welcome' screen
2015-12-05 13:11:45 [DEBUG] gtkbasebox.py(58) __init__(): Loading 'language' screen
2015-12-05 13:11:45 [DEBUG] gtkbasebox.py(58) __init__(): Loading 'check' screen
2015-12-05 13:11:45 [DEBUG] gtkbasebox.py(58) __init__(): Loading 'location' screen
2015-12-05 13:11:45 [DEBUG] gtkbasebox.py(58) __init__(): Loading 'timezone' screen
2015-12-05 13:11:45 [DEBUG] gtkbasebox.py(58) __init__(): Loading 'keymap' screen
2015-12-05 13:11:45 [DEBUG] gtkbasebox.py(58) __init__(): Loading 'desktop' screen
2015-12-05 13:11:45 [DEBUG] gtkbasebox.py(58) __init__(): Loading 'features' screen
2015-12-05 13:11:45 [DEBUG] gtkbasebox.py(58) __init__(): Loading 'ask' screen
2015-12-05 13:11:45 [DEBUG] gtkbasebox.py(58) __init__(): Loading 'automatic' screen
2015-12-05 13:11:45 [DEBUG] gtkbasebox.py(58) __init__(): Loading 'advanced' screen
2015-12-05 13:11:45 [DEBUG] gtkbasebox.py(58) __init__(): Loading 'summary' screen
2015-12-05 13:11:45 [DEBUG] gtkbasebox.py(58) __init__(): Loading 'user_info' screen
2015-12-05 13:11:45 [DEBUG] gtkbasebox.py(58) __init__(): Loading 'slides' screen
2015-12-05 13:11:45 [DEBUG] timezone.py(283) run(): A working network connection has been detected.
2015-12-05 13:11:45 [DEBUG] timezone.py(292) run(): We have connection. Let's get our timezone
2015-12-05 13:11:45 [DEBUG] rank_mirrors.py(271) run(): Updating both mirrorlists (Arch and Antergos)...
2015-12-05 13:11:46 [DEBUG] timezone.py(313) run(): Timezone (latitude 47.0662, longitude -122.1132) detected.
2015-12-05 13:11:47 [INFO] connectionpool.py(756) _new_conn(): Starting new HTTPS connection (1): raw.github.com
2015-12-05 13:11:47 [DEBUG] rank_mirrors.py(274) run(): Filtering and sorting Arch mirrors...
2015-12-05 13:11:47 [INFO] connectionpool.py(207) _new_conn(): Starting new HTTP connection (1): www.archlinux.org
2015-12-05 13:11:47 [DEBUG] connectionpool.py(387) _make_request(): "GET /mirrors/status/json/ HTTP/1.1" 301 366
2015-12-05 13:11:47 [INFO] connectionpool.py(756) _new_conn(): Starting new HTTPS connection (1): www.archlinux.org
2015-12-05 13:11:47 [DEBUG] connectionpool.py(387) _make_request(): "GET /Antergos/Cnchi/master/update.info HTTP/1.1" 301 0
2015-12-05 13:11:47 [INFO] connectionpool.py(756) _new_conn(): Starting new HTTPS connection (1): raw.githubusercontent.com
2015-12-05 13:11:48 [DEBUG] connectionpool.py(387) _make_request(): "GET /Antergos/Cnchi/master/update.info HTTP/1.1" 200 14771
2015-12-05 13:11:48 [INFO] updater.py(100) __init__(): Internet version: 0.12.43
2015-12-05 13:11:48 [DEBUG] connectionpool.py(387) _make_request(): "GET /mirrors/status/json/ HTTP/1.1" 200 None
2015-12-05 13:11:48 [DEBUG] rank_mirrors.py(133) sort_mirrors_by_speed(): b''
2015-12-05 13:11:48 [DEBUG] rank_mirrors.py(175) sort_mirrors_by_speed(): Rating mirror 'http://mirror.aarnet.edu.au/pub/archlinux/'
2015-12-05 13:11:48 [DEBUG] rank_mirrors.py(175) sort_mirrors_by_speed(): Rating mirror 'http://mirror.rit.edu/archlinux/'
2015-12-05 13:11:48 [DEBUG] rank_mirrors.py(175) sort_mirrors_by_speed(): Rating mirror 'http://ftp.nluug.nl/os/Linux/distr/archlinux/'
2015-12-05 13:11:48 [DEBUG] rank_mirrors.py(175) sort_mirrors_by_speed(): Rating mirror 'http://www.gtlib.gatech.edu/pub/archlinux/'
2015-12-05 13:11:48 [DEBUG] rank_mirrors.py(175) sort_mirrors_by_speed(): Rating mirror 'http://www.las.ic.unicamp.br/pub/archlinux/'
2015-12-05 13:11:48 [DEBUG] rank_mirrors.py(175) sort_mirrors_by_speed(): Rating mirror 'http://archlinux.mirrors.uk2.net/'
2015-12-05 13:11:48 [DEBUG] rank_mirrors.py(175) sort_mirrors_by_speed(): Rating mirror 'http://mirror.archlinux.no/'
2015-12-05 13:11:48 [DEBUG] rank_mirrors.py(175) sort_mirrors_by_speed(): Rating mirror 'http://mirror.internode.on.net/pub/archlinux/'
2015-12-05 13:11:48 [DEBUG] rank_mirrors.py(175) sort_mirrors_by_speed(): Rating mirror 'http://archlinux.c3sl.ufpr.br/'
2015-12-05 13:11:48 [DEBUG] rank_mirrors.py(175) sort_mirrors_by_speed(): Rating mirror 'http://mirror.selfnet.de/archlinux/'
2015-12-05 13:11:48 [DEBUG] rank_mirrors.py(175) sort_mirrors_by_speed(): Rating mirror 'http://lug.mtu.edu/archlinux/'
2015-12-05 13:11:48 [DEBUG] rank_mirrors.py(175) sort_mirrors_by_speed(): Rating mirror 'http://pet.inf.ufsc.br/mirrors/archlinux/'
2015-12-05 13:11:48 [DEBUG] rank_mirrors.py(175) sort_mirrors_by_speed(): Rating mirror 'http://ftp.tku.edu.tw/Linux/ArchLinux/'
2015-12-05 13:11:48 [DEBUG] rank_mirrors.py(175) sort_mirrors_by_speed(): Rating mirror 'http://mirrors.kernel.org/archlinux/'
2015-12-05 13:11:48 [DEBUG] rank_mirrors.py(175) sort_mirrors_by_speed(): Rating mirror 'http://ftp.rnl.tecnico.ulisboa.pt/pub/archlinux/'
2015-12-05 13:11:48 [DEBUG] rank_mirrors.py(175) sort_mirrors_by_speed(): Rating mirror 'http://ftp.jaist.ac.jp/pub/Linux/ArchLinux/'
2015-12-05 13:11:48 [DEBUG] rank_mirrors.py(175) sort_mirrors_by_speed(): Rating mirror 'http://mirror.datacenter.by/pub/archlinux/'
2015-12-05 13:11:48 [DEBUG] rank_mirrors.py(175) sort_mirrors_by_speed(): Rating mirror 'http://mirror.vpsfree.cz/archlinux/'
2015-12-05 13:11:48 [DEBUG] rank_mirrors.py(175) sort_mirrors_by_speed(): Rating mirror 'http://archlinux.cs.nctu.edu.tw/'
2015-12-05 13:11:48 [DEBUG] rank_mirrors.py(175) sort_mirrors_by_speed(): Rating mirror 'http://ftp.byfly.by/pub/archlinux/'
2015-12-05 13:11:48 [DEBUG] rank_mirrors.py(175) sort_mirrors_by_speed(): Rating mirror 'http://archlinux.polymorf.fr/'
2015-12-05 13:11:48 [DEBUG] rank_mirrors.py(175) sort_mirrors_by_speed(): Rating mirror 'http://mirror.de.leaseweb.net/archlinux/'
2015-12-05 13:11:48 [DEBUG] rank_mirrors.py(175) sort_mirrors_by_speed(): Rating mirror 'http://mirror.nl.leaseweb.net/archlinux/'
2015-12-05 13:11:48 [DEBUG] rank_mirrors.py(175) sort_mirrors_by_speed(): Rating mirror 'http://mirror.us.leaseweb.net/archlinux/'
2015-12-05 13:11:48 [DEBUG] rank_mirrors.py(175) sort_mirrors_by_speed(): Rating mirror 'http://mirrors.n-ix.net/archlinux/'
2015-12-05 13:11:48 [DEBUG] rank_mirrors.py(175) sort_mirrors_by_speed(): Rating mirror 'http://mirror.cinosure.com/archlinux/'
2015-12-05 13:11:48 [DEBUG] rank_mirrors.py(175) sort_mirrors_by_speed(): Rating mirror 'http://ftp.tuxdroid.org/archlinux/'
2015-12-05 13:11:48 [DEBUG] rank_mirrors.py(175) sort_mirrors_by_speed(): Rating mirror 'http://foss.aueb.gr/mirrors/linux/archlinux/'
2015-12-05 13:11:48 [DEBUG] rank_mirrors.py(175) sort_mirrors_by_speed(): Rating mirror 'http://ftp.tsukuba.wide.ad.jp/Linux/archlinux/'
2015-12-05 13:11:48 [DEBUG] rank_mirrors.py(175) sort_mirrors_by_speed(): Rating mirror 'http://archlinux.surlyjake.com/archlinux/'
2015-12-05 13:11:48 [DEBUG] rank_mirrors.py(175) sort_mirrors_by_speed(): Rating mirror 'http://ftp.wa.co.za/pub/archlinux/'
2015-12-05 13:11:48 [DEBUG] rank_mirrors.py(175) sort_mirrors_by_speed(): Rating mirror 'http://mirror.fluxent.de/archlinux/'
2015-12-05 13:11:48 [DEBUG] rank_mirrors.py(175) sort_mirrors_by_speed(): Rating mirror 'http://archlinux.cyborg-connect.de/'
2015-12-05 13:11:48 [DEBUG] rank_mirrors.py(175) sort_mirrors_by_speed(): Rating mirror 'http://ftp.snt.utwente.nl/pub/os/linux/archlinux/'
2015-12-05 13:11:48 [DEBUG] rank_mirrors.py(175) sort_mirrors_by_speed(): Rating mirror 'http://mirror.united-gameserver.de/archlinux/'
2015-12-05 13:11:48 [DEBUG] rank_mirrors.py(175) sort_mirrors_by_speed(): Rating mirror 'http://mirror.hactar.bz/'
2015-12-05 13:11:48 [DEBUG] rank_mirrors.py(175) sort_mirrors_by_speed(): Rating mirror 'http://arch.tamcore.eu/'
2015-12-05 13:11:48 [DEBUG] rank_mirrors.py(175) sort_mirrors_by_speed(): Rating mirror 'http://arch.nimukaito.net/'
2015-12-05 13:11:48 [DEBUG] rank_mirrors.py(175) sort_mirrors_by_speed(): Rating mirror 'http://mirrors.acm.wpi.edu/archlinux/'
2015-12-05 13:11:48 [DEBUG] rank_mirrors.py(175) sort_mirrors_by_speed(): Rating mirror 'http://mirror.neuf.no/archlinux/'
2015-12-05 13:11:48 [DEBUG] rank_mirrors.py(175) sort_mirrors_by_speed(): Rating mirror 'http://mirror.gnomus.de/'
2015-12-05 13:11:48 [DEBUG] rank_mirrors.py(175) sort_mirrors_by_speed(): Rating mirror 'http://mirror.js-webcoding.de/pub/archlinux/'
2015-12-05 13:11:48 [DEBUG] rank_mirrors.py(175) sort_mirrors_by_speed(): Rating mirror 'http://k42.ch/mirror/archlinux/'
2015-12-05 13:11:48 [DEBUG] rank_mirrors.py(175) sort_mirrors_by_speed(): Rating mirror 'http://mirror.tyborek.pl/arch/'
2015-12-05 13:11:48 [DEBUG] rank_mirrors.py(175) sort_mirrors_by_speed(): Rating mirror 'http://mirror.es.its.nyu.edu/archlinux/'
2015-12-05 13:11:48 [DEBUG] rank_mirrors.py(175) sort_mirrors_by_speed(): Rating mirror 'http://f.archlinuxvn.org/archlinux/'
2015-12-05 13:11:48 [DEBUG] rank_mirrors.py(175) sort_mirrors_by_speed(): Rating mirror 'http://ftp.yzu.edu.tw/Linux/archlinux/'
2015-12-05 13:11:48 [DEBUG] rank_mirrors.py(175) sort_mirrors_by_speed(): Rating mirror 'http://archlinux.my-universe.com/'
2015-12-05 13:11:48 [DEBUG] rank_mirrors.py(175) sort_mirrors_by_speed(): Rating mirror 'http://mirrors.niyawe.de/archlinux/'
2015-12-05 13:11:48 [DEBUG] rank_mirrors.py(175) sort_mirrors_by_speed(): Rating mirror 'http://archlinux.pallissard.net/archlinux/'
2015-12-05 13:11:48 [DEBUG] rank_mirrors.py(175) sort_mirrors_by_speed(): Rating mirror 'http://arch.midov.pl/arch/'
2015-12-05 13:11:48 [DEBUG] rank_mirrors.py(175) sort_mirrors_by_speed(): Rating mirror 'http://mirror.lastmikoi.net/archlinux/'
2015-12-05 13:11:48 [DEBUG] rank_mirrors.py(175) sort_mirrors_by_speed(): Rating mirror 'http://arch.packages.gnp-tec.net/'
2015-12-05 13:11:48 [DEBUG] rank_mirrors.py(175) sort_mirrors_by_speed(): Rating mirror 'http://mirrors.zju.edu.cn/archlinux/'
2015-12-05 13:11:48 [DEBUG] rank_mirrors.py(175) sort_mirrors_by_speed(): Rating mirror 'http://arch.localmsp.org/arch/'
2015-12-05 13:11:48 [DEBUG] rank_mirrors.py(175) sort_mirrors_by_speed(): Rating mirror 'http://ftp.myrveln.se/pub/linux/archlinux/'
2015-12-05 13:11:48 [DEBUG] rank_mirrors.py(175) sort_mirrors_by_speed(): Rating mirror 'http://archlinux.mailtunnel.eu/'
2015-12-05 13:11:48 [DEBUG] rank_mirrors.py(175) sort_mirrors_by_speed(): Rating mirror 'http://archlinux.beccacervello.it/archlinux/'
2015-12-05 13:11:48 [DEBUG] rank_mirrors.py(175) sort_mirrors_by_speed(): Rating mirror 'http://mirror.bitjungle.info/archlinux/'
2015-12-05 13:11:48 [DEBUG] rank_mirrors.py(175) sort_mirrors_by_speed(): Rating mirror 'http://arch.static.lu/'
2015-12-05 13:11:48 [DEBUG] rank_mirrors.py(175) sort_mirrors_by_speed(): Rating mirror 'http://fooo.biz/archlinux/'
2015-12-05 13:11:48 [DEBUG] rank_mirrors.py(175) sort_mirrors_by_speed(): Rating mirror 'http://archlinux.honkgong.info/'
2015-12-05 13:11:48 [DEBUG] rank_mirrors.py(175) sort_mirrors_by_speed(): Rating mirror 'http://mirror.f4st.host/archlinux/'
2015-12-05 13:11:48 [DEBUG] rank_mirrors.py(175) sort_mirrors_by_speed(): Rating mirror 'http://archlinux-br.mirror.host1plus.com/'
2015-12-05 13:11:48 [DEBUG] rank_mirrors.py(175) sort_mirrors_by_speed(): Rating mirror 'http://linorg.usp.br/archlinux/'
2015-12-05 13:11:48 [DEBUG] rank_mirrors.py(175) sort_mirrors_by_speed(): Rating mirror 'http://archlinux.pop-es.rnp.br/'
2015-12-05 13:11:48 [DEBUG] rank_mirrors.py(175) sort_mirrors_by_speed(): Rating mirror 'http://mirror5.bastelfreak.org/archlinux/'
2015-12-05 13:11:48 [DEBUG] rank_mirrors.py(175) sort_mirrors_by_speed(): Rating mirror 'http://archlinux.dynamict.se/'
2015-12-05 13:11:48 [DEBUG] rank_mirrors.py(175) sort_mirrors_by_speed(): Rating mirror 'http://mirrors.uni-plovdiv.net/archlinux/'
2015-12-05 13:11:48 [DEBUG] rank_mirrors.py(175) sort_mirrors_by_speed(): Rating mirror 'http://arch.mirrors.ionfish.org/'
2015-12-05 13:11:48 [DEBUG] rank_mirrors.py(175) sort_mirrors_by_speed(): Rating mirror 'http://mirror.pseudoform.org/'
2015-12-05 13:11:48 [DEBUG] rank_mirrors.py(175) sort_mirrors_by_speed(): Rating mirror 'http://mirror.lty.me/archlinux/'
2015-12-05 13:11:49 [INFO] check.py(203) store_values(): We have Internet connection.
2015-12-05 13:11:49 [INFO] check.py(204) store_values(): We're connected to a power source.
2015-12-05 13:11:49 [INFO] check.py(205) store_values(): We have enough disk space.
2015-12-05 13:11:49 [INFO] connectionpool.py(207) _new_conn(): Starting new HTTP connection (1): build.antergos.com
2015-12-05 13:11:49 [DEBUG] connectionpool.py(387) _make_request(): "GET /hook?cnchi=5f44e12ab32b87a0993619870a0e2db2 HTTP/1.1" 200 None
2015-12-05 13:11:54 [DEBUG] location.py(228) store_values(): Selected location: English (US), United States
2015-12-05 13:11:54 [DEBUG] location.py(211) set_locale(): Locale changed to : en_US.UTF-8
2015-12-05 13:11:54 [DEBUG] location.py(246) store_values(): Selected country name: United States
2015-12-05 13:11:54 [DEBUG] location.py(247) store_values(): Selected country code: us
2015-12-05 13:11:54 [INFO] timezone.py(107) on_location_changed(): Location changed to : America/Los_Angeles
2015-12-05 13:11:55 [DEBUG] timezone.py(212) log_location(): timezone human zone: Los Angeles
2015-12-05 13:11:55 [DEBUG] timezone.py(213) log_location(): timezone country: US
2015-12-05 13:11:55 [DEBUG] timezone.py(214) log_location(): timezone zone: America/Los_Angeles
2015-12-05 13:11:55 [DEBUG] timezone.py(215) log_location(): timezone human country: United States
2015-12-05 13:11:55 [DEBUG] timezone.py(218) log_location(): timezone comment: Pacific Time
2015-12-05 13:11:55 [DEBUG] timezone.py(221) log_location(): timezone latitude: 34.0308
2015-12-05 13:11:55 [DEBUG] timezone.py(224) log_location(): timezone longitude: -118.1434
2015-12-05 13:11:55 [DEBUG] keymap.py(286) set_keymap(): Set keyboard to layout name 'English (US)' (us)
2015-12-05 13:11:57 [DEBUG] keymap.py(286) set_keymap(): Set keyboard to layout name 'English (US)' (us)
2015-12-05 13:12:02 [INFO] desktop.py(208) store_values(): Cnchi will install Antergos with the 'cinnamon' desktop
2015-12-05 13:12:03 [DEBUG] rank_mirrors.py(182) sort_mirrors_by_speed(): Server                                                       Rate       Time
2015-12-05 13:12:03 [DEBUG] rank_mirrors.py(190) sort_mirrors_by_speed(): http://mirror.rit.edu/archlinux/                     261.89 KiB/s     0.47 s
2015-12-05 13:12:03 [DEBUG] rank_mirrors.py(190) sort_mirrors_by_speed(): http://www.gtlib.gatech.edu/pub/archlinux/           177.32 KiB/s     0.69 s
2015-12-05 13:12:03 [DEBUG] rank_mirrors.py(190) sort_mirrors_by_speed(): http://ftp.nluug.nl/os/Linux/distr/archlinux/        130.30 KiB/s     0.94 s
2015-12-05 13:12:03 [DEBUG] rank_mirrors.py(190) sort_mirrors_by_speed(): http://archlinux.mirrors.uk2.net/                    147.19 KiB/s     0.83 s
2015-12-05 13:12:03 [DEBUG] rank_mirrors.py(190) sort_mirrors_by_speed(): http://mirror.archlinux.no/                          125.78 KiB/s     0.97 s
2015-12-05 13:12:03 [DEBUG] rank_mirrors.py(190) sort_mirrors_by_speed(): http://www.las.ic.unicamp.br/pub/archlinux/           50.15 KiB/s     2.43 s
2015-12-05 13:12:03 [DEBUG] rank_mirrors.py(190) sort_mirrors_by_speed(): http://mirror.internode.on.net/pub/archlinux/         77.60 KiB/s     1.57 s
2015-12-05 13:12:03 [DEBUG] rank_mirrors.py(190) sort_mirrors_by_speed(): http://mirror.aarnet.edu.au/pub/archlinux/            46.52 KiB/s     2.63 s
2015-12-05 13:12:03 [DEBUG] rank_mirrors.py(190) sort_mirrors_by_speed(): http://mirror.selfnet.de/archlinux/                  113.19 KiB/s     1.08 s
2015-12-05 13:12:03 [DEBUG] rank_mirrors.py(190) sort_mirrors_by_speed(): http://archlinux.c3sl.ufpr.br/                        83.39 KiB/s     1.46 s
2015-12-05 13:12:03 [DEBUG] rank_mirrors.py(190) sort_mirrors_by_speed(): http://lug.mtu.edu/archlinux/                        265.88 KiB/s     0.46 s
2015-12-05 13:12:03 [DEBUG] rank_mirrors.py(190) sort_mirrors_by_speed(): http://mirrors.kernel.org/archlinux/                 764.85 KiB/s     0.16 s
2015-12-05 13:12:03 [DEBUG] rank_mirrors.py(190) sort_mirrors_by_speed(): http://ftp.tku.edu.tw/Linux/ArchLinux/               157.51 KiB/s     0.78 s
2015-12-05 13:12:03 [DEBUG] rank_mirrors.py(190) sort_mirrors_by_speed(): http://pet.inf.ufsc.br/mirrors/archlinux/            113.59 KiB/s     1.08 s
2015-12-05 13:12:03 [DEBUG] rank_mirrors.py(190) sort_mirrors_by_speed(): http://ftp.rnl.tecnico.ulisboa.pt/pub/archlinux/     120.55 KiB/s     1.01 s
2015-12-05 13:12:03 [DEBUG] rank_mirrors.py(190) sort_mirrors_by_speed(): http://ftp.jaist.ac.jp/pub/Linux/ArchLinux/          114.81 KiB/s     1.06 s
2015-12-05 13:12:03 [DEBUG] rank_mirrors.py(190) sort_mirrors_by_speed(): http://mirror.datacenter.by/pub/archlinux/           114.75 KiB/s     1.06 s
2015-12-05 13:12:03 [DEBUG] rank_mirrors.py(190) sort_mirrors_by_speed(): http://archlinux.cs.nctu.edu.tw/                     157.87 KiB/s     0.77 s
2015-12-05 13:12:03 [DEBUG] rank_mirrors.py(190) sort_mirrors_by_speed(): http://mirror.vpsfree.cz/archlinux/                  115.56 KiB/s     1.06 s
2015-12-05 13:12:03 [DEBUG] rank_mirrors.py(190) sort_mirrors_by_speed(): http://archlinux.polymorf.fr/                        152.22 KiB/s     0.80 s
2015-12-05 13:12:03 [DEBUG] rank_mirrors.py(190) sort_mirrors_by_speed(): http://mirror.de.leaseweb.net/archlinux/             148.66 KiB/s     0.82 s
2015-12-05 13:12:03 [DEBUG] rank_mirrors.py(190) sort_mirrors_by_speed(): http://ftp.byfly.by/pub/archlinux/                   114.64 KiB/s     1.07 s
2015-12-05 13:12:03 [DEBUG] rank_mirrors.py(190) sort_mirrors_by_speed(): http://mirror.us.leaseweb.net/archlinux/             207.18 KiB/s     0.59 s
2015-12-05 13:12:03 [DEBUG] rank_mirrors.py(190) sort_mirrors_by_speed(): http://mirror.nl.leaseweb.net/archlinux/             147.44 KiB/s     0.83 s
2015-12-05 13:12:03 [DEBUG] rank_mirrors.py(190) sort_mirrors_by_speed(): http://mirror.cinosure.com/archlinux/                170.55 KiB/s     0.72 s
2015-12-05 13:12:03 [DEBUG] rank_mirrors.py(190) sort_mirrors_by_speed(): http://mirrors.n-ix.net/archlinux/                   144.22 KiB/s     0.85 s
2015-12-05 13:12:03 [DEBUG] rank_mirrors.py(190) sort_mirrors_by_speed(): http://ftp.tuxdroid.org/archlinux/                   149.11 KiB/s     0.82 s
2015-12-05 13:12:03 [DEBUG] rank_mirrors.py(190) sort_mirrors_by_speed(): http://archlinux.surlyjake.com/archlinux/            409.70 KiB/s     0.30 s
2015-12-05 13:12:03 [DEBUG] rank_mirrors.py(190) sort_mirrors_by_speed(): http://foss.aueb.gr/mirrors/linux/archlinux/         112.38 KiB/s     1.09 s
2015-12-05 13:12:03 [DEBUG] rank_mirrors.py(190) sort_mirrors_by_speed(): http://mirror.fluxent.de/archlinux/                  125.36 KiB/s     0.97 s
2015-12-05 13:12:03 [DEBUG] rank_mirrors.py(190) sort_mirrors_by_speed(): http://archlinux.cyborg-connect.de/                  135.29 KiB/s     0.90 s
2015-12-05 13:12:03 [DEBUG] rank_mirrors.py(190) sort_mirrors_by_speed(): http://ftp.snt.utwente.nl/pub/os/linux/archlinux/    147.80 KiB/s     0.83 s
2015-12-05 13:12:03 [DEBUG] rank_mirrors.py(190) sort_mirrors_by_speed(): http://mirror.united-gameserver.de/archlinux/        149.54 KiB/s     0.82 s
2015-12-05 13:12:03 [DEBUG] rank_mirrors.py(190) sort_mirrors_by_speed(): http://ftp.tsukuba.wide.ad.jp/Linux/archlinux/        53.95 KiB/s     2.26 s
2015-12-05 13:12:03 [DEBUG] rank_mirrors.py(190) sort_mirrors_by_speed(): http://mirror.hactar.bz/                             149.73 KiB/s     0.82 s
2015-12-05 13:12:03 [DEBUG] rank_mirrors.py(190) sort_mirrors_by_speed(): http://ftp.wa.co.za/pub/archlinux/                    57.64 KiB/s     2.12 s
2015-12-05 13:12:03 [DEBUG] rank_mirrors.py(190) sort_mirrors_by_speed(): http://arch.tamcore.eu/                              144.18 KiB/s     0.85 s
2015-12-05 13:12:03 [DEBUG] rank_mirrors.py(190) sort_mirrors_by_speed(): http://mirrors.acm.wpi.edu/archlinux/                303.26 KiB/s     0.40 s
2015-12-05 13:12:03 [DEBUG] rank_mirrors.py(190) sort_mirrors_by_speed(): http://mirror.neuf.no/archlinux/                     124.47 KiB/s     0.98 s
2015-12-05 13:12:03 [DEBUG] rank_mirrors.py(190) sort_mirrors_by_speed(): http://k42.ch/mirror/archlinux/                      150.06 KiB/s     0.81 s
2015-12-05 13:12:03 [DEBUG] rank_mirrors.py(190) sort_mirrors_by_speed(): http://mirror.gnomus.de/                             125.27 KiB/s     0.97 s
2015-12-05 13:12:03 [DEBUG] rank_mirrors.py(190) sort_mirrors_by_speed(): http://arch.nimukaito.net/                            74.51 KiB/s     1.64 s
2015-12-05 13:12:03 [DEBUG] rank_mirrors.py(190) sort_mirrors_by_speed(): http://mirror.es.its.nyu.edu/archlinux/              265.29 KiB/s     0.46 s
2015-12-05 13:12:03 [DEBUG] rank_mirrors.py(190) sort_mirrors_by_speed(): http://mirror.js-webcoding.de/pub/archlinux/          91.94 KiB/s     1.33 s
2015-12-05 13:12:03 [DEBUG] rank_mirrors.py(190) sort_mirrors_by_speed(): http://mirror.tyborek.pl/arch/                       144.94 KiB/s     0.84 s
2015-12-05 13:12:03 [DEBUG] rank_mirrors.py(190) sort_mirrors_by_speed(): http://f.archlinuxvn.org/archlinux/                  119.51 KiB/s     1.02 s
2015-12-05 13:12:03 [DEBUG] rank_mirrors.py(190) sort_mirrors_by_speed(): http://archlinux.pallissard.net/archlinux/           252.23 KiB/s     0.48 s
2015-12-05 13:12:03 [DEBUG] rank_mirrors.py(190) sort_mirrors_by_speed(): http://archlinux.my-universe.com/                    150.02 KiB/s     0.81 s
2015-12-05 13:12:03 [DEBUG] rank_mirrors.py(190) sort_mirrors_by_speed(): http://mirrors.niyawe.de/archlinux/                  149.24 KiB/s     0.82 s
2015-12-05 13:12:03 [DEBUG] rank_mirrors.py(190) sort_mirrors_by_speed(): http://arch.midov.pl/arch/                           138.35 KiB/s     0.88 s
2015-12-05 13:12:03 [DEBUG] rank_mirrors.py(190) sort_mirrors_by_speed(): http://mirror.lastmikoi.net/archlinux/               151.58 KiB/s     0.81 s
2015-12-05 13:12:03 [DEBUG] rank_mirrors.py(190) sort_mirrors_by_speed(): http://arch.packages.gnp-tec.net/                    152.38 KiB/s     0.80 s
2015-12-05 13:12:03 [DEBUG] rank_mirrors.py(190) sort_mirrors_by_speed(): http://ftp.yzu.edu.tw/Linux/archlinux/                68.43 KiB/s     1.78 s
2015-12-05 13:12:03 [DEBUG] rank_mirrors.py(190) sort_mirrors_by_speed(): http://arch.localmsp.org/arch/                       360.51 KiB/s     0.34 s
2015-12-05 13:12:03 [DEBUG] rank_mirrors.py(190) sort_mirrors_by_speed(): http://mirrors.zju.edu.cn/archlinux/                 117.87 KiB/s     1.04 s
2015-12-05 13:12:03 [DEBUG] rank_mirrors.py(190) sort_mirrors_by_speed(): http://archlinux.mailtunnel.eu/                      145.53 KiB/s     0.84 s
2015-12-05 13:12:03 [DEBUG] rank_mirrors.py(190) sort_mirrors_by_speed(): http://ftp.myrveln.se/pub/linux/archlinux/           125.29 KiB/s     0.97 s
2015-12-05 13:12:03 [DEBUG] rank_mirrors.py(190) sort_mirrors_by_speed(): http://mirror.bitjungle.info/archlinux/              154.69 KiB/s     0.79 s
2015-12-05 13:12:03 [DEBUG] rank_mirrors.py(190) sort_mirrors_by_speed(): http://arch.static.lu/                               154.05 KiB/s     0.79 s
2015-12-05 13:12:03 [DEBUG] rank_mirrors.py(190) sort_mirrors_by_speed(): http://archlinux.beccacervello.it/archlinux/         117.91 KiB/s     1.04 s
2015-12-05 13:12:03 [DEBUG] rank_mirrors.py(190) sort_mirrors_by_speed(): http://archlinux.honkgong.info/                      147.05 KiB/s     0.83 s
2015-12-05 13:12:03 [DEBUG] rank_mirrors.py(190) sort_mirrors_by_speed(): http://mirror.f4st.host/archlinux/                   149.68 KiB/s     0.82 s
2015-12-05 13:12:03 [DEBUG] rank_mirrors.py(190) sort_mirrors_by_speed(): http://fooo.biz/archlinux/                           121.17 KiB/s     1.01 s
2015-12-05 13:12:03 [DEBUG] rank_mirrors.py(190) sort_mirrors_by_speed(): http://archlinux-br.mirror.host1plus.com/             94.73 KiB/s     1.29 s
2015-12-05 13:12:03 [DEBUG] rank_mirrors.py(190) sort_mirrors_by_speed(): http://mirror5.bastelfreak.org/archlinux/            146.61 KiB/s     0.83 s
2015-12-05 13:12:03 [DEBUG] rank_mirrors.py(190) sort_mirrors_by_speed(): http://archlinux.dynamict.se/                        108.33 KiB/s     1.13 s
2015-12-05 13:12:03 [DEBUG] rank_mirrors.py(190) sort_mirrors_by_speed(): http://linorg.usp.br/archlinux/                       66.99 KiB/s     1.82 s
2015-12-05 13:12:03 [DEBUG] rank_mirrors.py(190) sort_mirrors_by_speed(): http://arch.mirrors.ionfish.org/                     284.43 KiB/s     0.43 s
2015-12-05 13:12:03 [DEBUG] rank_mirrors.py(190) sort_mirrors_by_speed(): http://mirror.lty.me/archlinux/                      823.54 KiB/s     0.15 s
2015-12-05 13:12:03 [DEBUG] rank_mirrors.py(190) sort_mirrors_by_speed(): http://mirrors.uni-plovdiv.net/archlinux/            121.52 KiB/s     1.00 s
2015-12-05 13:12:03 [DEBUG] rank_mirrors.py(190) sort_mirrors_by_speed(): http://archlinux.pop-es.rnp.br/                       69.22 KiB/s     1.76 s
2015-12-05 13:12:03 [DEBUG] rank_mirrors.py(190) sort_mirrors_by_speed(): http://mirror.pseudoform.org/                        147.05 KiB/s     0.83 s
2015-12-05 13:12:03 [DEBUG] rank_mirrors.py(277) run(): Running rankmirrors command to sort Antergos mirrors...
2015-12-05 13:12:21 [DEBUG] features.py(254) store_values(): Feature 'aur' has been selected
2015-12-05 13:12:21 [DEBUG] features.py(254) store_values(): Feature 'bluetooth' has been selected
2015-12-05 13:12:21 [DEBUG] features.py(254) store_values(): Feature 'cups' has been selected
2015-12-05 13:12:21 [DEBUG] features.py(254) store_values(): Feature 'firewall' has been selected
2015-12-05 13:12:21 [DEBUG] features.py(254) store_values(): Feature 'office' has been selected
2015-12-05 13:12:27 [DEBUG] ask.py(412) store_values(): Waiting for all external processes to finish...
2015-12-05 13:12:28 [DEBUG] rank_mirrors.py(282) run(): Auto mirror selection has been run successfully.
2015-12-05 13:12:28 [DEBUG] ask.py(425) store_values(): All external processes are finished. Installation can go on
2015-12-05 13:12:28 [DEBUG] fs_module.py(57) get_label(): Can't get partition /dev/sda3 label (or it does not have any)
2015-12-05 13:12:28 [DEBUG] fs_module.py(57) get_label(): Can't get partition /dev/sda7 label (or it does not have any)
2015-12-05 13:12:28 [DEBUG] fs_module.py(57) get_label(): Can't get partition /dev/sda8 label (or it does not have any)
2015-12-05 13:12:28 [DEBUG] fs_module.py(57) get_label(): Can't get partition /dev/sda9 label (or it does not have any)
2015-12-05 13:12:28 [DEBUG] fs_module.py(57) get_label(): Can't get partition /dev/sda10 label (or it does not have any)
2015-12-05 13:12:28 [DEBUG] fs_module.py(57) get_label(): Can't get partition /dev/sdb1 label (or it does not have any)
2015-12-05 13:12:28 [DEBUG] fs_module.py(57) get_label(): Can't get partition /dev/sdb2 label (or it does not have any)
2015-12-05 13:12:37 [DEBUG] advanced.py(824) on_partition_list_edit_activate(): /boot or /boot/efi need to be fat32 in UEFI systems. Forcing it.
2015-12-05 13:12:39 [DEBUG] fs_module.py(57) get_label(): Can't get partition /dev/sda3 label (or it does not have any)
2015-12-05 13:12:39 [DEBUG] fs_module.py(57) get_label(): Can't get partition /dev/sda7 label (or it does not have any)
2015-12-05 13:12:39 [DEBUG] fs_module.py(57) get_label(): Can't get partition /dev/sda8 label (or it does not have any)
2015-12-05 13:12:39 [DEBUG] fs_module.py(57) get_label(): Can't get partition /dev/sda9 label (or it does not have any)
2015-12-05 13:12:39 [DEBUG] fs_module.py(57) get_label(): Can't get partition /dev/sda10 label (or it does not have any)
2015-12-05 13:12:39 [DEBUG] fs_module.py(57) get_label(): Can't get partition /dev/sdb1 label (or it does not have any)
2015-12-05 13:12:39 [DEBUG] fs_module.py(57) get_label(): Can't get partition /dev/sdb2 label (or it does not have any)
2015-12-05 13:12:44 [DEBUG] advanced.py(824) on_partition_list_edit_activate(): /boot or /boot/efi need to be fat32 in UEFI systems. Forcing it.
2015-12-05 13:12:47 [DEBUG] fs_module.py(57) get_label(): Can't get partition /dev/sda3 label (or it does not have any)
2015-12-05 13:12:47 [DEBUG] fs_module.py(57) get_label(): Can't get partition /dev/sda7 label (or it does not have any)
2015-12-05 13:12:47 [DEBUG] fs_module.py(57) get_label(): Can't get partition /dev/sda8 label (or it does not have any)
2015-12-05 13:12:47 [DEBUG] fs_module.py(57) get_label(): Can't get partition /dev/sda9 label (or it does not have any)
2015-12-05 13:12:47 [DEBUG] fs_module.py(57) get_label(): Can't get partition /dev/sda10 label (or it does not have any)
2015-12-05 13:12:47 [DEBUG] fs_module.py(57) get_label(): Can't get partition /dev/sdb1 label (or it does not have any)
2015-12-05 13:12:47 [DEBUG] fs_module.py(57) get_label(): Can't get partition /dev/sdb2 label (or it does not have any)
2015-12-05 13:12:57 [DEBUG] fs_module.py(57) get_label(): Can't get partition /dev/sda3 label (or it does not have any)
2015-12-05 13:12:57 [DEBUG] fs_module.py(57) get_label(): Can't get partition /dev/sda7 label (or it does not have any)
2015-12-05 13:12:57 [DEBUG] fs_module.py(57) get_label(): Can't get partition /dev/sda8 label (or it does not have any)
2015-12-05 13:12:57 [DEBUG] fs_module.py(57) get_label(): Can't get partition /dev/sda9 label (or it does not have any)
2015-12-05 13:12:57 [DEBUG] fs_module.py(57) get_label(): Can't get partition /dev/sda10 label (or it does not have any)
2015-12-05 13:12:57 [DEBUG] fs_module.py(57) get_label(): Can't get partition /dev/sdb1 label (or it does not have any)
2015-12-05 13:12:57 [DEBUG] fs_module.py(57) get_label(): Can't get partition /dev/sdb2 label (or it does not have any)
2015-12-05 13:14:45 [DEBUG] fs_module.py(57) get_label(): Can't get partition /dev/sda7 label (or it does not have any)
2015-12-05 13:14:45 [DEBUG] fs_module.py(57) get_label(): Can't get partition /dev/sda8 label (or it does not have any)
2015-12-05 13:14:45 [DEBUG] fs_module.py(57) get_label(): Can't get partition /dev/sda9 label (or it does not have any)
2015-12-05 13:14:45 [DEBUG] fs_module.py(57) get_label(): Can't get partition /dev/sda10 label (or it does not have any)
2015-12-05 13:14:45 [DEBUG] fs_module.py(57) get_label(): Can't get partition /dev/sdb1 label (or it does not have any)
2015-12-05 13:14:45 [DEBUG] fs_module.py(57) get_label(): Can't get partition /dev/sdb2 label (or it does not have any)
2015-12-05 13:14:47 [INFO] advanced.py(2013) set_bootloader(): Antergos will install the bootloader grub2 in device /dev/sda
2015-12-05 13:14:47 [DEBUG] advanced.py(1902) get_changes(): /install/boot/efi unmounted
2015-12-05 13:14:47 [DEBUG] advanced.py(1971) get_changes(): Device /dev/sda2 will be modified, not relabeled, not formatted, mounted as /boot/efi and not encrypted.
2015-12-05 13:14:47 [DEBUG] advanced.py(1902) get_changes(): /install/boot unmounted
2015-12-05 13:14:47 [DEBUG] advanced.py(1971) get_changes(): Device /dev/sda1 will be modified, not relabeled, not formatted, mounted as /boot and not encrypted.
2015-12-05 13:14:47 [DEBUG] advanced.py(1971) get_changes(): Device /dev/sda3 will be modified, relabeled, formatted, mounted as / and encrypted.
2015-12-05 13:14:49 [DEBUG] select_packages.py(113) create_package_list(): Refreshing pacman databases...
2015-12-05 13:14:49 [DEBUG] pac.py(114) initialize_alpm(): ALPM initialised with root dir / and db path /var/lib/pacman
2015-12-05 13:14:49 [DEBUG] pac.py(506) cb_log(): url: http://mirror.lty.me/archlinux/core/os/x86_64/core.db
2015-12-05 13:14:49 [DEBUG] pac.py(506) cb_log(): maxsize: 26214400
2015-12-05 13:14:49 [DEBUG] pac.py(506) cb_log(): opened tempfile for download: /var/lib/pacman/sync/core.db.part (wb)
2015-12-05 13:14:49 [DEBUG] pac.py(506) cb_log(): curl returned error 0 from transfer
2015-12-05 13:14:49 [DEBUG] pac.py(506) cb_log(): response code: 200
2015-12-05 13:14:49 [DEBUG] pac.py(506) cb_log(): url: http://mirror.lty.me/archlinux/extra/os/x86_64/extra.db
2015-12-05 13:14:49 [DEBUG] pac.py(506) cb_log(): maxsize: 26214400
2015-12-05 13:14:49 [DEBUG] pac.py(506) cb_log(): opened tempfile for download: /var/lib/pacman/sync/extra.db.part (wb)
2015-12-05 13:14:50 [DEBUG] pac.py(506) cb_log(): curl returned error 0 from transfer
2015-12-05 13:14:50 [DEBUG] pac.py(506) cb_log(): response code: 200
2015-12-05 13:14:50 [DEBUG] pac.py(506) cb_log(): url: http://mirror.lty.me/archlinux/community/os/x86_64/community.db
2015-12-05 13:14:50 [DEBUG] pac.py(506) cb_log(): maxsize: 26214400
2015-12-05 13:14:50 [DEBUG] pac.py(506) cb_log(): opened tempfile for download: /var/lib/pacman/sync/community.db.part (wb)
2015-12-05 13:14:50 [DEBUG] pac.py(506) cb_log(): curl returned error 0 from transfer
2015-12-05 13:14:50 [DEBUG] pac.py(506) cb_log(): response code: 200
2015-12-05 13:14:50 [DEBUG] pac.py(506) cb_log(): url: http://repo.antergos.info/antergos-staging/x86_64/antergos-staging.db
2015-12-05 13:14:50 [DEBUG] pac.py(506) cb_log(): maxsize: 26214400
2015-12-05 13:14:50 [DEBUG] pac.py(506) cb_log(): opened tempfile for download: /var/lib/pacman/sync/antergos-staging.db.part (wb)
2015-12-05 13:14:50 [DEBUG] pac.py(506) cb_log(): curl returned error 0 from transfer
2015-12-05 13:14:50 [DEBUG] pac.py(506) cb_log(): response code: 200
2015-12-05 13:14:50 [DEBUG] pac.py(506) cb_log(): url: http://repo.antergos.info/antergos/x86_64/antergos.db
2015-12-05 13:14:50 [DEBUG] pac.py(506) cb_log(): maxsize: 26214400
2015-12-05 13:14:50 [DEBUG] pac.py(506) cb_log(): opened tempfile for download: /var/lib/pacman/sync/antergos.db.part (wb)
2015-12-05 13:14:51 [DEBUG] pac.py(506) cb_log(): curl returned error 0 from transfer
2015-12-05 13:14:51 [DEBUG] pac.py(506) cb_log(): response code: 200
2015-12-05 13:14:51 [DEBUG] pac.py(506) cb_log(): url: http://mirror.lty.me/archlinux/multilib/os/x86_64/multilib.db
2015-12-05 13:14:51 [DEBUG] pac.py(506) cb_log(): maxsize: 26214400
2015-12-05 13:14:51 [DEBUG] pac.py(506) cb_log(): opened tempfile for download: /var/lib/pacman/sync/multilib.db.part (wb)
2015-12-05 13:14:51 [DEBUG] pac.py(506) cb_log(): curl returned error 0 from transfer
2015-12-05 13:14:51 [DEBUG] pac.py(506) cb_log(): response code: 200
2015-12-05 13:14:51 [DEBUG] select_packages.py(115) create_package_list(): Pacman ready
2015-12-05 13:14:51 [DEBUG] select_packages.py(117) create_package_list(): Selecting packages...
2015-12-05 13:14:51 [DEBUG] select_packages.py(166) select_packages(): Getting url http://install.antergos.com/packages-12.xml...
2015-12-05 13:14:51 [DEBUG] select_packages.py(206) select_packages(): Adding cinnamon desktop packages
2015-12-05 13:14:51 [DEBUG] hardware.py(216) __init__(): Cnchi will test 18 drivers for 44 hardware devices
2015-12-05 13:14:51 [DEBUG] select_packages.py(241) select_packages(): Hardware module detected these drivers: ['Nouveau']
2015-12-05 13:14:51 [DEBUG] select_packages.py(246) select_packages(): Hardware module added these packages: lib32-mesa-libgl, xf86-video-nouveau, lib32-mesa
2015-12-05 13:14:51 [DEBUG] select_packages.py(257) select_packages(): Adding filesystem packages
2015-12-05 13:14:51 [DEBUG] select_packages.py(278) select_packages(): Adding 'grub2' bootloader packages
2015-12-05 13:14:51 [DEBUG] select_packages.py(287) select_packages(): Check for user desired features and add them to our installation
2015-12-05 13:14:51 [DEBUG] select_packages.py(332) add_features_packages(): Adding packages for 'aur' feature.
2015-12-05 13:14:51 [DEBUG] select_packages.py(349) add_features_packages(): Selecting package yaourt for feature aur
2015-12-05 13:14:51 [DEBUG] select_packages.py(349) add_features_packages(): Selecting package cmake for feature aur
2015-12-05 13:14:51 [DEBUG] select_packages.py(349) add_features_packages(): Selecting package git for feature aur
2015-12-05 13:14:51 [DEBUG] select_packages.py(349) add_features_packages(): Selecting package bzr for feature aur
2015-12-05 13:14:51 [DEBUG] select_packages.py(332) add_features_packages(): Adding packages for 'bluetooth' feature.
2015-12-05 13:14:51 [DEBUG] select_packages.py(349) add_features_packages(): Selecting package bluez-utils for feature bluetooth
2015-12-05 13:14:51 [DEBUG] select_packages.py(349) add_features_packages(): Selecting package pulseaudio-bluetooth for feature bluetooth
2015-12-05 13:14:51 [DEBUG] select_packages.py(349) add_features_packages(): Selecting package blueberry for feature bluetooth
2015-12-05 13:14:51 [DEBUG] select_packages.py(332) add_features_packages(): Adding packages for 'cups' feature.
2015-12-05 13:14:51 [DEBUG] select_packages.py(349) add_features_packages(): Selecting package cups for feature cups
2015-12-05 13:14:51 [DEBUG] select_packages.py(349) add_features_packages(): Selecting package cups-pk-helper for feature cups
2015-12-05 13:14:51 [DEBUG] select_packages.py(349) add_features_packages(): Selecting package gsfonts for feature cups
2015-12-05 13:14:51 [DEBUG] select_packages.py(349) add_features_packages(): Selecting package hplip for feature cups
2015-12-05 13:14:51 [DEBUG] select_packages.py(349) add_features_packages(): Selecting package system-config-printer for feature cups
2015-12-05 13:14:51 [DEBUG] select_packages.py(349) add_features_packages(): Selecting package splix for feature cups
2015-12-05 13:14:51 [DEBUG] select_packages.py(332) add_features_packages(): Adding packages for 'firewall' feature.
2015-12-05 13:14:51 [DEBUG] select_packages.py(349) add_features_packages(): Selecting package gufw for feature firewall
2015-12-05 13:14:51 [DEBUG] select_packages.py(349) add_features_packages(): Selecting package ufw for feature firewall
2015-12-05 13:14:51 [DEBUG] select_packages.py(332) add_features_packages(): Adding packages for 'office' feature.
2015-12-05 13:14:51 [DEBUG] select_packages.py(349) add_features_packages(): Selecting package libreoffice-fresh for feature office
2015-12-05 13:14:51 [DEBUG] select_packages.py(349) add_features_packages(): Selecting package hunspell-en for feature office
2015-12-05 13:14:51 [DEBUG] select_packages.py(354) add_features_packages(): Add libreoffice language package
2015-12-05 13:14:51 [DEBUG] select_packages.py(289) select_packages(): All features needed packages have been added
2015-12-05 13:14:51 [DEBUG] select_packages.py(301) select_packages(): Conflicts list: libreoffice-installer
2015-12-05 13:14:51 [DEBUG] select_packages.py(306) select_packages(): Packages list: hunspell-en,gzip,mesa-vdpau,gst-plugins-ugly,bijiben,haveged,gnome-themes-standard,cinnamon-desktop,acpid,xorg-server-utils,chromium,exfat-utils,xdg-user-dirs-gtk,antergos-keyring,xf86-input-synaptics,antergos-gnome-defaults-list,cmake,libgnomeui,xf86-video-vesa,xf86-video-fbdev,ttf-bitstream-vera,totem,hicolor-icon-theme,mesa,cups,bash-completion,os-prober,antergos-welcome,ttf-liberation,tar,xf86-video-nouveau,e2fsprogs,bluez-utils,btrfs-progs,system-config-printer,cinnamon-settings-daemon,transmission-gtk,crda,chromium-pepper-flash,zuki-themes,gnome-photos,nemo,brasero,wget,lightdm-webkit2-greeter,evince,base-devel,pamac,gnome-disk-utility,libreoffice-fresh,net-tools,numix-icon-theme,gnome-calculator,jfsutils,pulseaudio-alsa,ufw,bzr,nilfs-utils,hplip,antergos-wallpapers,gufw,gst-plugins-good,pidgin,upower,gnome-keyring,xorg-xinit,unrar,accountsservice,cinnamon-screensaver,numix-icon-theme-square,cjs,gnome-screenshot,gnome-music,ffmpegthumbnailer,bind-tools,blueberry,ipw2100-fw,nemo-fileroller,xfsprogs,openssh,base,networkmanager-pptp,ntfs-3g,usb_modeswitch,dosfstools,file-roller,gnome-system-monitor,git,gsfonts,b43-fwcutter,alsa-utils,ttf-dejavu,wpa_actiond,pulseaudio-bluetooth,baobab,zd1211-firmware,gstreamer0.10-plugins,xorg-apps,libdvdcss,antergos-mirrorlist,cinnamon-menus,nemo-share,sudo,networkmanager-openvpn,gvfs-mtp,numix-frost-themes,whois,grub,gedit,eog,pkgfile,gst-plugins-base,pavucontrol,gnome-terminal,gstreamer-vaapi,nemo-preview,lib32-mesa,f2fs-tools,xorg-fonts,reiserfsprogs,cinnamon,nfs-utils,splix,unzip,cinnamon-control-center,cups-pk-helper,cinnamon-session,cdrkit,grub2-theme-antergos,gst-libav,gst-plugins-bad,lib32-mesa-libgl,xorg-server,wireless_tools,pulseaudio,lightdm,muffin,yaourt,ipw2200-fw,network-manager-applet,gnome-common,xorg-xkill,dmraid,modemmanager
2015-12-05 13:14:51 [DEBUG] select_packages.py(119) create_package_list(): Packages selected
2015-12-05 13:14:51 [DEBUG] pac.py(114) initialize_alpm(): ALPM initialised with root dir / and db path /var/lib/pacman
2015-12-05 13:14:51 [DEBUG] pac.py(506) cb_log(): loading package cache for repository 'core'
2015-12-05 13:14:51 [DEBUG] pac.py(506) cb_log(): opening archive /var/lib/pacman/sync/core.db
2015-12-05 13:14:51 [DEBUG] pac.py(506) cb_log(): added 210 packages to package cache for db 'core'
2015-12-05 13:14:51 [DEBUG] pac.py(506) cb_log(): loading group cache for repository 'core'
2015-12-05 13:14:51 [DEBUG] pac.py(506) cb_log(): loading package cache for repository 'extra'
2015-12-05 13:14:51 [DEBUG] pac.py(506) cb_log(): opening archive /var/lib/pacman/sync/extra.db
2015-12-05 13:14:51 [DEBUG] pac.py(506) cb_log(): added 3226 packages to package cache for db 'extra'
2015-12-05 13:14:51 [DEBUG] pac.py(506) cb_log(): loading package cache for repository 'community'
2015-12-05 13:14:51 [DEBUG] pac.py(506) cb_log(): opening archive /var/lib/pacman/sync/community.db
2015-12-05 13:14:51 [DEBUG] pac.py(506) cb_log(): added 4635 packages to package cache for db 'community'
2015-12-05 13:14:51 [DEBUG] pac.py(506) cb_log(): loading group cache for repository 'community'
2015-12-05 13:14:51 [DEBUG] pac.py(506) cb_log(): loading package cache for repository 'antergos-staging'
2015-12-05 13:14:51 [DEBUG] pac.py(506) cb_log(): opening archive /var/lib/pacman/sync/antergos-staging.db
2015-12-05 13:14:51 [DEBUG] pac.py(506) cb_log(): added 2 packages to package cache for db 'antergos-staging'
2015-12-05 13:14:51 [DEBUG] pac.py(506) cb_log(): loading group cache for repository 'antergos-staging'
2015-12-05 13:14:51 [DEBUG] pac.py(506) cb_log(): loading package cache for repository 'antergos'
2015-12-05 13:14:51 [DEBUG] pac.py(506) cb_log(): opening archive /var/lib/pacman/sync/antergos.db
2015-12-05 13:14:51 [DEBUG] pac.py(506) cb_log(): added 95 packages to package cache for db 'antergos'
2015-12-05 13:14:51 [DEBUG] pac.py(506) cb_log(): loading group cache for repository 'antergos'
2015-12-05 13:14:51 [DEBUG] pac.py(506) cb_log(): loading package cache for repository 'multilib'
2015-12-05 13:14:51 [DEBUG] pac.py(506) cb_log(): opening archive /var/lib/pacman/sync/multilib.db
2015-12-05 13:14:51 [DEBUG] pac.py(506) cb_log(): added 215 packages to package cache for db 'multilib'
2015-12-05 13:14:51 [DEBUG] pac.py(506) cb_log(): loading group cache for repository 'multilib'
2015-12-05 13:14:51 [DEBUG] pac.py(506) cb_log(): loading package cache for repository 'local'
2015-12-05 13:14:51 [DEBUG] pac.py(506) cb_log(): added 826 packages to package cache for db 'local'
2015-12-05 13:14:51 [DEBUG] pac.py(506) cb_log(): loading group cache for repository 'extra'
2015-12-05 13:15:02 [DEBUG] advanced.py(2017) run_format(): Creating partitions and their filesystems...
2015-12-05 13:15:02 [INFO] advanced.py(2064) run_format(): Creating new fat filesystem in /dev/sda2 labeled efi
2015-12-05 13:15:02 [INFO] advanced.py(2064) run_format(): Creating new ext4 filesystem in /dev/sda3 labeled root
2015-12-05 13:15:02 [INFO] advanced.py(2105) run_format(): Encrypting /dev/sda3, assigning volume name root and formatting it...
2015-12-05 13:15:02 [DEBUG] auto_partition.py(172) setup_luks(): Cnchi will setup LUKS on device /dev/sda3
2015-12-05 13:15:03 [ERROR] fs_module.py(244) create_fs(): Command '['mkfs.ext4', '-q', '-L', 'root', '-m', '1', '-O', 'dir_index', '/dev/mapper/root']' returned non-zero exit status 1
2015-12-05 13:15:03 [ERROR] advanced.py(2120) run_format(): Couldn't format LUKS device '/dev/mapper/root' with label 'root' as 'ext4': Command '['mkfs.ext4', '-q', '-L', 'root', '-m', '1', '-O', 'dir_index', '/dev/mapper/root']' returned non-zero exit status 1
2015-12-05 13:15:03 [ERROR] process.py(106) run(): could not convert value for property `transient_for' from InstallationAdvanced to GtkWindow
2015-12-05 13:15:03 [ERROR] process.py(110) run(): Traceback (most recent call last):
2015-12-05 13:15:03 [ERROR] process.py(110) run():   File "/usr/share/cnchi/cnchi/installation/process.py", line 88, in run
    self.install_screen.run_format()
2015-12-05 13:15:03 [ERROR] process.py(110) run():   File "/usr/share/cnchi/cnchi/installation/advanced.py", line 2123, in run_format
    show.error(self.get_toplevel(), txt)
2015-12-05 13:15:03 [ERROR] process.py(110) run():   File "/usr/share/cnchi/cnchi/show_message.py", line 58, in error
    text=_("Antergos Installer - Error"))
2015-12-05 13:15:03 [ERROR] process.py(110) run():   File "/usr/lib/python3.5/site-packages/gi/overrides/__init__.py", line 326, in new_init
    return super_init_func(self, **new_kwargs)
2015-12-05 13:15:03 [ERROR] process.py(110) run():   File "/usr/lib/python3.5/site-packages/gi/overrides/Gtk.py", line 537, in __init__
    self._init(*args, **new_kwargs)
2015-12-05 13:15:03 [ERROR] process.py(110) run():   File "/usr/lib/python3.5/site-packages/gi/overrides/__init__.py", line 326, in new_init
    return super_init_func(self, **new_kwargs)
2015-12-05 13:15:03 [ERROR] process.py(110) run():   File "/usr/lib/python3.5/site-packages/gi/overrides/__init__.py", line 326, in new_init
    return super_init_func(self, **new_kwargs)
2015-12-05 13:15:03 [ERROR] process.py(110) run(): TypeError: could not convert value for property `transient_for' from InstallationAdvanced to GtkWindow
2015-12-05 13:16:37 [INFO] slides.py(224) manage_events_from_cb_queue(): Updating core database
2015-12-05 13:16:37 [INFO] slides.py(224) manage_events_from_cb_queue(): Updating extra database
2015-12-05 13:16:37 [INFO] slides.py(224) manage_events_from_cb_queue(): Updating community database
2015-12-05 13:16:37 [INFO] slides.py(224) manage_events_from_cb_queue(): Updating antergos-staging database
2015-12-05 13:16:37 [INFO] slides.py(224) manage_events_from_cb_queue(): Updating antergos database
2015-12-05 13:16:37 [INFO] slides.py(224) manage_events_from_cb_queue(): Updating multilib database
2015-12-05 13:16:37 [INFO] slides.py(224) manage_events_from_cb_queue(): Getting package list...
2015-12-05 13:16:37 [INFO] slides.py(224) manage_events_from_cb_queue(): Creating the list of packages to download...
2015-12-05 13:16:37 [INFO] slides.py(224) manage_events_from_cb_queue(): 
