[2015-01-29 01:03] [PACMAN] Running 'pacman -R chromium'
[2015-01-29 01:04] [ALPM] transaction started
[2015-01-29 01:04] [ALPM] removed chromium (40.0.2214.93-1)
[2015-01-29 01:04] [ALPM] transaction completed
[2015-01-29 01:04] [PACMAN] Running 'pacman -S firefox'
[2015-01-29 01:05] [ALPM] transaction started
[2015-01-29 01:05] [ALPM] installed mozilla-common (1.4-4)
[2015-01-29 01:05] [ALPM-SCRIPTLET] relogin or source /etc/profile.d/mozilla-common.sh
[2015-01-29 01:05] [ALPM] installed mime-types (9-1)
[2015-01-29 01:05] [ALPM] installed firefox (35.0.1-1)
[2015-01-29 01:05] [ALPM] transaction completed
[2015-01-29 01:10] [PACMAN] Running 'pacman -S firefox-i18n-it'
[2015-01-29 01:10] [ALPM] transaction started
[2015-01-29 01:10] [ALPM] installed firefox-i18n-it (35.0.1-1)
[2015-01-29 01:10] [ALPM] transaction completed
[2015-01-29 01:18] [PACMAN] Running 'pacman -S thunderbird'
[2015-01-29 01:18] [ALPM] transaction started
[2015-01-29 01:18] [ALPM] installed thunderbird (31.4.0-1)
[2015-01-29 01:18] [ALPM] transaction completed
[2015-01-29 01:21] [PACMAN] Running 'pacman -S thunderbird-i18n-it vlc'
[2015-01-29 01:21] [ALPM] transaction started
[2015-01-29 01:21] [ALPM] installed thunderbird-i18n-it (31.4.0-1)
[2015-01-29 01:21] [ALPM] installed libdvbpsi (1:1.1.2-1)
[2015-01-29 01:22] [ALPM] installed qt4 (4.8.6-4)
[2015-01-29 01:22] [ALPM] installed sdl_image (1.2.12-3)
[2015-01-29 01:22] [ALPM] installed libkate (0.4.1-5)
[2015-01-29 01:22] [ALPM] installed libtiger (0.3.4-4)
[2015-01-29 01:22] [ALPM] installed lua (5.2.3-1)
[2015-01-29 01:22] [ALPM] installed libebml (1.3.1-1)
[2015-01-29 01:22] [ALPM] installed libmatroska (1.4.2-1)
[2015-01-29 01:22] [ALPM] installed zvbi (0.2.35-1)
[2015-01-29 01:22] [ALPM] installed libupnp (1.6.19-1)
[2015-01-29 01:22] [ALPM] installed xcb-util-keysyms (0.4.0-1)
[2015-01-29 01:22] [ALPM] installed libtar (1.2.20-2)
[2015-01-29 01:22] [ALPM] installed vlc (2.1.5-5)
[2015-01-29 01:22] [ALPM] transaction completed
[2015-01-29 01:49] [PACMAN] Running 'pacman --color never -U --asdeps /tmp/yaourt-tmp-manu/PKGDEST.v0u/archlinux-artwork-1.6-3-any.pkg.tar.xz'
[2015-01-29 01:49] [ALPM] transaction started
[2015-01-29 01:49] [ALPM] installed archlinux-artwork (1.6-3)
[2015-01-29 01:49] [ALPM] transaction completed
[2015-01-29 01:49] [PACMAN] Running 'pacman --color never -U /tmp/yaourt-tmp-manu/PKGDEST.oUn/mintmenu-5.6.0-1-any.pkg.tar.xz'
[2015-01-29 01:49] [ALPM] transaction started
[2015-01-29 01:49] [ALPM] transaction failed
[2015-01-29 18:58] [PACMAN] Running 'pacman -Syu'
[2015-01-29 18:58] [PACMAN] synchronizing package lists
[2015-01-29 18:58] [PACMAN] starting full system upgrade
[2015-01-29 18:59] [ALPM] transaction started
[2015-01-29 18:59] [ALPM] upgraded man-pages (3.77-1 -> 3.78-1)
[2015-01-29 18:59] [ALPM] upgraded xkeyboard-config (2.13-1 -> 2.14-1)
[2015-01-29 18:59] [ALPM] transaction completed
[2015-01-29 19:06] [PACMAN] Running 'pacman -S mate-menus'
[2015-01-29 19:06] [ALPM] transaction started
[2015-01-29 19:06] [ALPM] reinstalled mate-menus (1.8.0-1)
[2015-01-29 19:06] [ALPM] transaction completed
[2015-01-29 19:11] [PACMAN] Running 'pacman --color never -U /tmp/yaourt-tmp-manu/PKGDEST.tlo/mintmenu-5.6.0-1-any.pkg.tar.xz'
[2015-01-29 19:11] [ALPM] transaction started
[2015-01-29 19:11] [ALPM] transaction failed
[2015-01-29 21:11] [PACMAN] Running 'pacman -S screenfetch'
[2015-01-29 21:11] [ALPM] transaction started
[2015-01-29 21:11] [ALPM] installed screenfetch (3.6.5-1)
[2015-01-29 21:11] [ALPM] transaction completed
[2015-01-29 22:02] [PACMAN] Running 'pacman --color never -S --asdeps --needed extra/openal community/portaudio community/opusfile'
[2015-01-29 22:02] [ALPM] transaction started
[2015-01-29 22:02] [ALPM] installed openal (1.16.0-1)
[2015-01-29 22:02] [ALPM] installed portaudio (19_20140130-1)
[2015-01-29 22:02] [ALPM] installed opusfile (0.6-1)
[2015-01-29 22:02] [ALPM] transaction completed
[2015-01-29 22:16] [PACMAN] Running 'pacman --color never -U /tmp/yaourt-tmp-manu/PKGDEST.XCw/telegram-bin-0.7.10-1-i686.pkg.tar.xz'
[2015-01-29 22:16] [ALPM] transaction started
[2015-01-29 22:16] [ALPM] installed telegram-bin (0.7.10-1)
[2015-01-29 22:16] [ALPM-SCRIPTLET] Start from the console if it is the first time you install this program: ([user@ArchLinux:~]$ telegram). To generate the .desktop file.
[2015-01-29 22:16] [ALPM-SCRIPTLET] Before, delete the old: rm -r ~/.local/share/applications/telegramdesktop.desktop
[2015-01-29 22:16] [ALPM] transaction completed
[2015-01-29 22:39] [PACMAN] Running 'pacman -S flashplugin 11.2.202.440-1'
[2015-01-29 22:40] [PACMAN] Running 'pacman -S flashplugin'
[2015-01-29 22:40] [ALPM] transaction started
[2015-01-29 22:40] [ALPM] installed flashplugin (11.2.202.440-1)
[2015-01-29 22:40] [ALPM-SCRIPTLET]  >> 
[2015-01-29 22:40] [ALPM-SCRIPTLET]  >> If you have an NVIDIA card that supports libvdpau or Broadcom Crystal HD chips,
[2015-01-29 22:40] [ALPM-SCRIPTLET]  >> uncomment EnableLinuxHWVideoDecode=1 from /etc/adobe/mms.cfg.
[2015-01-29 22:40] [ALPM-SCRIPTLET]  >> If you run into problems, please contact nVidia or Broadcom along with your system config info / driver version.
[2015-01-29 22:40] [ALPM-SCRIPTLET]  >> 
[2015-01-29 22:40] [ALPM] transaction completed
[2015-01-29 23:53] [PACMAN] Running 'pacman --color never -U /tmp/yaourt-tmp-manu/PKGDEST.hn8/teamviewer-10.0.37742-1-i686.pkg.tar.xz'
[2015-01-29 23:53] [ALPM] transaction started
[2015-01-29 23:53] [ALPM] installed teamviewer (10.0.37742-1)
[2015-01-29 23:53] [ALPM-SCRIPTLET] The Teamviewer daemon must be running for Teamviewer 10 to work.
[2015-01-29 23:53] [ALPM-SCRIPTLET] Execute 'sudo systemctl enable teamviewerd' in a terminal.
[2015-01-29 23:53] [ALPM] transaction completed
[2015-01-30 00:00] [PACMAN] Running 'pacman --color never -U /tmp/yaourt-tmp-manu/PKGDEST.3JF/dukto-6.0-2-i686.pkg.tar.xz'
[2015-01-30 00:00] [ALPM] transaction started
[2015-01-30 00:00] [ALPM] installed dukto (6.0-2)
[2015-01-30 00:00] [ALPM] transaction completed
[2015-01-30 00:07] [PACMAN] Running 'pacman -S udisks'
[2015-01-30 00:07] [PACMAN] Running 'pacman -S udisks gparted'
[2015-01-30 00:07] [ALPM] transaction started
[2015-01-30 00:07] [ALPM] installed sg3_utils (1.40-1)
[2015-01-30 00:07] [ALPM] installed parted (3.2-1)
[2015-01-30 00:07] [ALPM] installed lsof (4.88-2)
[2015-01-30 00:07] [ALPM] installed udisks (1.0.5-1)
[2015-01-30 00:07] [ALPM] installed gparted (0.21.0-1)
[2015-01-30 00:07] [ALPM] transaction completed
[2015-01-30 00:09] [PACMAN] Running 'pacman -S udisks2'
[2015-01-30 00:10] [ALPM] transaction started
[2015-01-30 00:10] [ALPM] reinstalled udisks2 (2.1.3-1)
[2015-01-30 00:10] [ALPM] transaction completed
[2015-01-30 00:24] [PACMAN] Running 'pacman -S polkit-gnome'
[2015-01-30 00:24] [ALPM] transaction started
[2015-01-30 00:24] [ALPM] installed polkit-gnome (0.105-2)
[2015-01-30 00:24] [ALPM] transaction completed
[2015-01-30 01:06] [PACMAN] Running 'pacman -S gimp'
[2015-01-30 01:07] [ALPM] transaction started
[2015-01-30 01:07] [ALPM] installed lcms (1.19-5)
[2015-01-30 01:07] [ALPM] installed libwmf (0.2.8.4-12)
[2015-01-30 01:07] [ALPM] installed babl (0.1.10-2)
[2015-01-30 01:07] [ALPM] installed libspiro (1:0.2-2)
[2015-01-30 01:07] [ALPM] installed gegl (0.2.0-13)
[2015-01-30 01:07] [ALPM] installed ilmbase (2.1.0-1)
[2015-01-30 01:07] [ALPM] installed openexr (2.1.0-1)
[2015-01-30 01:07] [ALPM] installed gimp (2.8.14-1)
[2015-01-30 01:07] [ALPM] transaction completed
[2015-01-30 01:35] [PACMAN] Running 'pacman -S mozo'
[2015-01-30 01:35] [ALPM] transaction started
[2015-01-30 01:35] [ALPM] reinstalled mozo (1.8.0-1)
[2015-01-30 01:35] [ALPM] transaction completed
[2015-01-30 01:35] [PACMAN] Running 'pacman -S mate-utils'
[2015-01-30 01:38] [PACMAN] Running 'pacman -S gnome-clocks'
[2015-01-30 01:48] [PACMAN] Running 'pacman -S mate-disk-utility'
[2015-01-30 01:48] [ALPM] transaction started
[2015-01-30 01:48] [ALPM] installed mate-disk-utility (1.8.0-1)
[2015-01-30 01:48] [ALPM] transaction completed
[2015-01-30 01:57] [PACMAN] Running 'pacman --color never -U /tmp/yaourt-tmp-manu/PKGDEST.Sed/kalu-3.0.0-1-i686.pkg.tar.xz'
[2015-01-30 01:57] [ALPM] transaction started
[2015-01-30 01:57] [ALPM] installed kalu (3.0.0-1)
[2015-01-30 01:57] [ALPM] transaction completed
[2015-01-30 02:13] [PACMAN] Running 'pacman -Syu'
[2015-01-30 02:13] [PACMAN] synchronizing package lists
[2015-01-30 02:13] [PACMAN] starting full system upgrade
[2015-01-30 14:03] [PACMAN] Running 'pacman -S gnome-calculator'
[2015-01-30 14:03] [ALPM] transaction started
[2015-01-30 14:03] [ALPM] installed gtksourceview3 (3.14.3-1)
[2015-01-30 14:03] [ALPM] installed gnome-calculator (3.14.1-1)
[2015-01-30 14:03] [ALPM] transaction completed
[2015-01-30 14:56] [PACMAN] Running 'pacman --color never -S --asdeps --needed extra/gtkmm3'
[2015-01-30 14:56] [ALPM] transaction started
[2015-01-30 14:56] [ALPM] installed gtkmm3 (3.14.0-1)
[2015-01-30 14:56] [ALPM] transaction completed
[2015-01-30 15:00] [PACMAN] Running 'pacman --color never -U /tmp/yaourt-tmp-manu/PKGDEST.lqa/grub-customizer-4.0.6-1-i686.pkg.tar.xz'
[2015-01-30 15:00] [ALPM] transaction started
[2015-01-30 15:00] [ALPM] installed grub-customizer (4.0.6-1)
[2015-01-30 15:00] [ALPM] transaction completed
[2015-01-30 22:29] [PACMAN] Running 'pacman -Syu'
[2015-01-30 22:29] [PACMAN] synchronizing package lists
[2015-01-30 22:29] [PACMAN] starting full system upgrade
[2015-01-30 22:31] [kalu] starting sysupgrade...
[2015-01-30 22:31] [ALPM] transaction started
[2015-01-30 22:31] [ALPM] upgraded libtxc_dxtn (1.0.1-5 -> 1.0.1-6)
[2015-01-30 22:31] [ALPM] transaction completed
[2015-01-30 22:31] [kalu] sysupgrade completed
[2015-01-31 00:33] [kalu] synchronized database extra
[2015-01-31 00:33] [kalu] synchronized database community
[2015-01-31 00:33] [kalu] synchronized database antergos
[2015-01-31 00:33] [kalu] starting sysupgrade...
[2015-01-31 00:33] [ALPM] transaction started
[2015-01-31 00:33] [ALPM] upgraded numix-icon-theme (0.r285.f69afd4-1 -> 0.r286.d22677b-1)
[2015-01-31 00:33] [ALPM] upgraded numix-icon-theme-square (1:0.r81.e4612a6-1 -> 1:0.r82.bb9313e-1)
[2015-01-31 00:33] [ALPM] upgraded pacmanxg4 (4.16.2-4 -> 4.16.3-3)
[2015-01-31 00:33] [ALPM] transaction completed
[2015-01-31 00:33] [kalu] sysupgrade completed
[2015-01-31 01:16] [PACMAN] Running 'pacman -S tp_smapi'
[2015-01-31 01:16] [ALPM] transaction started
[2015-01-31 01:16] [ALPM] installed tp_smapi (0.41-60)
[2015-01-31 01:16] [ALPM] transaction completed
[2015-01-31 08:55] [kalu] synchronized database core
[2015-01-31 08:55] [kalu] synchronized database antergos
[2015-01-31 08:55] [kalu] starting sysupgrade...
[2015-01-31 08:55] [ALPM] transaction started
[2015-01-31 08:55] [ALPM] upgraded openssl (1.0.1.l-1 -> 1.0.2-1)
[2015-01-31 08:55] [ALPM] transaction completed
[2015-01-31 08:55] [kalu] sysupgrade completed
[2015-01-31 14:41] [PACMAN] Running 'pacman -Rsc hplip'
[2015-01-31 23:03] [PACMAN] Running 'pacman --color never -U /tmp/yaourt-tmp-manu/PKGDEST.XCJ/mintmenu-5.6.0-1-any.pkg.tar.xz'
[2015-01-31 23:03] [ALPM] transaction started
[2015-01-31 23:03] [ALPM] transaction failed
[2015-02-01 00:02] [kalu] synchronized database extra
[2015-02-01 00:02] [kalu] synchronized database community
[2015-02-01 00:02] [kalu] synchronized database antergos
[2015-02-01 00:05] [kalu] starting sysupgrade...
[2015-02-01 00:06] [ALPM] transaction started
[2015-02-01 00:06] [ALPM] upgraded gtk3 (3.14.7-1 -> 3.14.8-1)
[2015-02-01 00:06] [ALPM] upgraded hplip (3.14.10-1 -> 3.14.10-2)
[2015-02-01 00:06] [ALPM] transaction completed
[2015-02-01 00:06] [kalu] sysupgrade completed
[2015-02-01 01:06] [PACMAN] Running 'pacman --color never -S --asdeps --needed extra/imake'
[2015-02-01 01:06] [ALPM] transaction started
[2015-02-01 01:06] [ALPM] installed imake (1.0.7-1)
[2015-02-01 01:06] [ALPM] transaction completed
[2015-02-01 01:06] [PACMAN] Running 'pacman --color never -U /tmp/yaourt-tmp-manu/PKGDEST.p6F/dclock-2.2.2-5-i686.pkg.tar.xz'
[2015-02-01 01:06] [ALPM] transaction started
[2015-02-01 01:06] [ALPM] installed dclock (2.2.2-5)
[2015-02-01 01:06] [ALPM] transaction completed
[2015-02-01 01:23] [PACMAN] Running 'pacman -R --color never dclock'
[2015-02-01 01:23] [ALPM] transaction started
[2015-02-01 01:23] [ALPM] removed dclock (2.2.2-5)
[2015-02-01 01:23] [ALPM] transaction completed
[2015-02-01 01:36] [kalu] synchronized database antergos
[2015-02-01 01:36] [kalu] starting sysupgrade...
[2015-02-01 01:36] [ALPM] transaction started
[2015-02-01 01:36] [ALPM] upgraded numix-frost-themes (1.3-2 -> 1.3-4)
[2015-02-01 01:37] [ALPM] upgraded numix-icon-theme (0.r286.d22677b-1 -> 0.r287.ad07517-1)
[2015-02-01 01:37] [ALPM] transaction completed
[2015-02-01 01:37] [kalu] sysupgrade completed
[2015-02-01 21:22] [kalu] synchronized database core
[2015-02-01 21:22] [kalu] synchronized database extra
[2015-02-01 21:22] [kalu] synchronized database community
[2015-02-01 21:22] [kalu] synchronized database antergos
[2015-02-01 21:22] [kalu] starting sysupgrade...
[2015-02-01 21:24] [ALPM] transaction started
[2015-02-01 21:24] [ALPM] upgraded libspiro (1:0.2-2 -> 1:0.3.20150131-1)
[2015-02-01 21:25] [ALPM] upgraded linux (3.18.4-1 -> 3.18.5-1)
[2015-02-01 21:25] [ALPM-SCRIPTLET] >>> Updating module dependencies. Please wait ...
[2015-02-01 21:25] [ALPM-SCRIPTLET] >>> Generating initial ramdisk, using mkinitcpio.  Please wait...
[2015-02-01 21:25] [ALPM-SCRIPTLET] ==> Building image from preset: /etc/mkinitcpio.d/linux.preset: 'default'
[2015-02-01 21:25] [ALPM-SCRIPTLET]   -> -k /boot/vmlinuz-linux -c /etc/mkinitcpio.conf -g /boot/initramfs-linux.img
[2015-02-01 21:25] [ALPM-SCRIPTLET] ==> Starting build: 3.18.5-1-ARCH
[2015-02-01 21:25] [ALPM-SCRIPTLET]   -> Running build hook: [base]
[2015-02-01 21:25] [ALPM-SCRIPTLET]   -> Running build hook: [udev]
[2015-02-01 21:25] [ALPM-SCRIPTLET]   -> Running build hook: [autodetect]
[2015-02-01 21:25] [ALPM-SCRIPTLET]   -> Running build hook: [modconf]
[2015-02-01 21:25] [ALPM-SCRIPTLET]   -> Running build hook: [block]
[2015-02-01 21:25] [ALPM-SCRIPTLET]   -> Running build hook: [keyboard]
[2015-02-01 21:25] [ALPM-SCRIPTLET]   -> Running build hook: [keymap]
[2015-02-01 21:25] [ALPM-SCRIPTLET]   -> Running build hook: [filesystems]
[2015-02-01 21:25] [ALPM-SCRIPTLET]   -> Running build hook: [fsck]
[2015-02-01 21:25] [ALPM-SCRIPTLET] ==> Generating module dependencies
[2015-02-01 21:25] [ALPM-SCRIPTLET] ==> Creating gzip-compressed initcpio image: /boot/initramfs-linux.img
[2015-02-01 21:25] [ALPM-SCRIPTLET] ==> Image generation successful
[2015-02-01 21:25] [ALPM-SCRIPTLET] ==> Building image from preset: /etc/mkinitcpio.d/linux.preset: 'fallback'
[2015-02-01 21:25] [ALPM-SCRIPTLET]   -> -k /boot/vmlinuz-linux -c /etc/mkinitcpio.conf -g /boot/initramfs-linux-fallback.img -S autodetect
[2015-02-01 21:25] [ALPM-SCRIPTLET] ==> Starting build: 3.18.5-1-ARCH
[2015-02-01 21:25] [ALPM-SCRIPTLET]   -> Running build hook: [base]
[2015-02-01 21:25] [ALPM-SCRIPTLET]   -> Running build hook: [udev]
[2015-02-01 21:25] [ALPM-SCRIPTLET]   -> Running build hook: [modconf]
[2015-02-01 21:25] [ALPM-SCRIPTLET]   -> Running build hook: [block]
[2015-02-01 21:25] [ALPM-SCRIPTLET] ==> WARNING: Possibly missing firmware for module: aic94xx
[2015-02-01 21:25] [ALPM-SCRIPTLET]   -> Running build hook: [keyboard]
[2015-02-01 21:25] [ALPM-SCRIPTLET]   -> Running build hook: [keymap]
[2015-02-01 21:25] [ALPM-SCRIPTLET]   -> Running build hook: [filesystems]
[2015-02-01 21:25] [ALPM-SCRIPTLET]   -> Running build hook: [fsck]
[2015-02-01 21:25] [ALPM-SCRIPTLET] ==> Generating module dependencies
[2015-02-01 21:25] [ALPM-SCRIPTLET] ==> Creating gzip-compressed initcpio image: /boot/initramfs-linux-fallback.img
[2015-02-01 21:25] [ALPM-SCRIPTLET] ==> Image generation successful
[2015-02-01 21:25] [ALPM] upgraded tp_smapi (0.41-60 -> 0.41-61)
[2015-02-01 21:25] [ALPM] transaction completed
[2015-02-01 21:25] [kalu] sysupgrade completed
[2015-02-02 01:17] [PACMAN] Running 'pacman -S skype'
[2015-02-02 01:17] [ALPM] transaction started
[2015-02-02 01:17] [ALPM] installed qtwebkit (2.3.4-1)
[2015-02-02 01:17] [ALPM] installed skype (4.3.0.37-3)
[2015-02-02 01:17] [ALPM-SCRIPTLET] Important update note: Since Skype 4.3, only PulseAudio is supported.
[2015-02-02 01:17] [ALPM-SCRIPTLET] That means you NEED a working PulseAudio setup to use Skype for voice chatting.
[2015-02-02 01:17] [ALPM-SCRIPTLET] If you get distorted sound in skype, try adding PULSE_LATENCY_MSEC=60 to your
[2015-02-02 01:17] [ALPM-SCRIPTLET] env before starting skype. Something like 'export PULSE_LATENCY_MSEC=60' in .bashrc, for example.
[2015-02-02 01:17] [ALPM] transaction completed
[2015-02-02 01:29] [PACMAN] Running 'pacman -S converseen unetbootin amule'
[2015-02-02 01:29] [ALPM] transaction started
[2015-02-02 01:29] [ALPM] installed liblqr (0.4.2-1)
[2015-02-02 01:29] [ALPM] installed libcl (1.1-4)
[2015-02-02 01:29] [ALPM] installed imagemagick (6.9.0.4-1)
[2015-02-02 01:29] [ALPM] installed openjpeg2 (2.1.0-1)
[2015-02-02 01:29] [ALPM] installed converseen (0.8.6-1)
[2015-02-02 01:29] [ALPM] installed syslinux (6.03-2)
[2015-02-02 01:29] [ALPM-SCRIPTLET] 
[2015-02-02 01:29] [ALPM-SCRIPTLET] ==> For setting up Syslinux BIOS using the syslinux-install_update script follow
[2015-02-02 01:29] [ALPM-SCRIPTLET]     https://wiki.archlinux.org/index.php/Syslinux#Automatic_Install
[2015-02-02 01:29] [ALPM] installed p7zip (9.20.1-9)
[2015-02-02 01:29] [ALPM] installed mtools (4.0.18-2)
[2015-02-02 01:29] [ALPM] installed unetbootin (608-2)
[2015-02-02 01:29] [ALPM] installed wxgtk (3.0.2-2)
[2015-02-02 01:29] [ALPM] installed wxgtk2.8 (2.8.12.1-2)
[2015-02-02 01:29] [ALPM] installed gd (2.1.0-3)
[2015-02-02 01:29] [ALPM] installed geoip-database (20150106-1)
[2015-02-02 01:29] [ALPM] installed geoip (1.6.2-1)
[2015-02-02 01:29] [ALPM] installed crypto++ (5.6.2-2)
[2015-02-02 01:29] [ALPM] installed amule (10866-1)
[2015-02-02 01:29] [ALPM-SCRIPTLET] If you plan to use external client (e.g. amuleGUI or amuleweb) then you need to
[2015-02-02 01:29] [ALPM-SCRIPTLET] provide [ExternalConnect] configuration.
[2015-02-02 01:29] [ALPM-SCRIPTLET] You also need to specify amuleweb password.
[2015-02-02 01:29] [ALPM-SCRIPTLET] Please follow https://wiki.archlinux.org/index.php/AMule for more information.
[2015-02-02 01:29] [ALPM-SCRIPTLET] amuleweb can be started as 'systemctl start amuleweb'.
[2015-02-02 01:29] [ALPM] transaction completed
[2015-02-02 01:38] [PACMAN] Running 'pacman --color never -S --asdeps --needed extra/xterm'
[2015-02-02 01:38] [ALPM] transaction started
[2015-02-02 01:38] [ALPM] installed xbitmaps (1.1.1-3)
[2015-02-02 01:38] [ALPM] installed libutempter (1.1.6-2)
[2015-02-02 01:38] [ALPM] installed xterm (314-1)
[2015-02-02 01:38] [ALPM] transaction completed
[2015-02-02 01:42] [PACMAN] Running 'pacman -S brasero'
[2015-02-02 01:42] [ALPM] transaction started
[2015-02-02 01:42] [ALPM] installed gmime (2.6.20-2)
[2015-02-02 01:42] [ALPM] installed lua-socket (3.0rc1-4)
[2015-02-02 01:42] [ALPM] installed lua-bitop (1.0.2-3)
[2015-02-02 01:42] [ALPM] installed lua-expat (1.3.0-1)
[2015-02-02 01:42] [ALPM] installed libquvi-scripts (0.9.20131130-2)
[2015-02-02 01:42] [ALPM] installed libquvi (0.9.4-2)
[2015-02-02 01:42] [ALPM] installed totem-plparser (3.10.3-2)
[2015-02-02 01:42] [ALPM] installed libao (1.2.0-1)
[2015-02-02 01:42] [ALPM] installed cdrdao (1.2.3-7)
[2015-02-02 01:42] [ALPM] installed dvd+rw-tools (7.1-5)
[2015-02-02 01:42] [ALPM] installed libtracker-sparql (1.2.5-1)
[2015-02-02 01:42] [ALPM] installed brasero (3.12.0-1)
[2015-02-02 01:43] [ALPM] transaction completed
[2015-02-02 01:48] [PACMAN] Running 'pacman --color never -U /tmp/yaourt-tmp-manu/PKGDEST.xy0/imageenlarger-0.9.0-2-i686.pkg.tar.xz'
[2015-02-02 01:48] [ALPM] transaction started
[2015-02-02 01:48] [ALPM] installed imageenlarger (0.9.0-2)
[2015-02-02 01:48] [ALPM] transaction completed
[2015-02-02 01:50] [PACMAN] Running 'pacman --color never -U /tmp/yaourt-tmp-manu/PKGDEST.CUq/imagewriter-1.10.1420800585.134a9b3-1-i686.pkg.tar.xz'
[2015-02-02 01:50] [ALPM] transaction started
[2015-02-02 01:50] [ALPM] installed imagewriter (1.10.1420800585.134a9b3-1)
[2015-02-02 01:50] [ALPM] transaction completed
[2015-02-02 02:00] [PACMAN] Running 'pacman -S --color never pacmanxg_fakepackage_for_check_operation_ability'
[2015-02-02 02:00] [PACMAN] Running 'pacman -S --color never community/pdfmod'
[2015-02-03 00:04] [PACMAN] Running 'pacman -Rs xnoise'
[2015-02-03 00:04] [ALPM] transaction started
[2015-02-03 00:05] [ALPM] removed xnoise (0.2.21-2)
[2015-02-03 00:05] [ALPM-SCRIPTLET] gtk-update-icon-cache: Cache file created successfully.
[2015-02-03 00:05] [ALPM-SCRIPTLET] You will need to install a gst decoder, either gst-plugins-base (with good/bad/ugly as needed) or gst-libav.
[2015-02-03 00:05] [ALPM] removed libtaginfo (0.2.1-1)
[2015-02-03 00:05] [ALPM] transaction completed
[2015-02-03 15:21] [kalu] synchronized database core
[2015-02-03 15:21] [kalu] synchronized database extra
[2015-02-03 15:21] [kalu] synchronized database community
[2015-02-03 15:21] [kalu] synchronized database antergos
[2015-02-03 15:21] [kalu] starting sysupgrade...
[2015-02-03 15:21] [ALPM] transaction started
[2015-02-03 15:21] [ALPM] upgraded dialog (1:1.2_20140911-1 -> 1:1.2_20150125-1)
[2015-02-03 15:21] [ALPM] transaction completed
[2015-02-03 15:21] [kalu] sysupgrade completed
[2015-02-03 15:24] [PACMAN] Running 'pacman --color never -S --asdeps --needed pyqt extra/pyalpm community/python-beautifulsoup4 community/python-requests'
[2015-02-03 15:24] [ALPM] transaction started
[2015-02-03 15:24] [ALPM] installed sip (4.16.5-1)
[2015-02-03 15:24] [ALPM] installed python-sip (4.16.5-1)
[2015-02-03 15:24] [ALPM] installed pyqt4-common (4.11.3-1)
[2015-02-03 15:24] [ALPM] installed python-pyqt4 (4.11.3-1)
[2015-02-03 15:24] [ALPM] installed pyalpm (0.7-1)
[2015-02-03 15:24] [ALPM] installed python-beautifulsoup4 (4.3.2-2)
[2015-02-03 15:24] [ALPM] installed python-requests (2.5.1-1)
[2015-02-03 15:24] [ALPM] transaction completed
[2015-02-03 15:24] [PACMAN] Running 'pacman --color never -S --asdeps --needed extra/python-setuptools extra/rsync'
[2015-02-03 15:24] [ALPM] transaction started
[2015-02-03 15:24] [ALPM] installed python-setuptools (1:12.0.5-1)
[2015-02-03 15:24] [ALPM] installed rsync (3.1.1-2)
[2015-02-03 15:24] [ALPM] transaction completed
[2015-02-03 15:25] [PACMAN] Running 'pacman --color never -U --asdeps /tmp/yaourt-tmp-manu/PKGDEST.gWP/pkgbuilder-3.4.0-1-any.pkg.tar.xz'
[2015-02-03 15:25] [ALPM] transaction started
[2015-02-03 15:25] [ALPM] installed pkgbuilder (3.4.0-1)
[2015-02-03 15:25] [ALPM] transaction completed
[2015-02-03 15:41] [PACMAN] Running 'pacman --color never -S --asdeps --needed extra/boost'
[2015-02-03 15:41] [ALPM] transaction started
[2015-02-03 15:41] [ALPM] installed boost (1.57.0-3)
[2015-02-03 15:41] [ALPM] transaction completed
[2015-02-03 15:54] [PACMAN] Running 'pacman -S conky-control conky-lua'
[2015-02-03 16:00] [PACMAN] Running 'pacman --color never -U /tmp/yaourt-tmp-manu/PKGDEST.dSS/freefilesync-6.12-0-any.pkg.tar.xz'
[2015-02-03 16:00] [ALPM] transaction started
[2015-02-03 16:00] [ALPM] installed freefilesync (6.12-0)
[2015-02-03 16:00] [ALPM] transaction completed
[2015-02-03 16:03] [PACMAN] Running 'pacman --color never -S --asdeps --needed extra/lua51 community/tolua++ community/docbook2x'
[2015-02-03 16:03] [ALPM] transaction started
[2015-02-03 16:03] [ALPM] installed lua51 (5.1.5-4)
[2015-02-03 16:03] [ALPM] installed tolua++ (1.0.93-1)
[2015-02-03 16:03] [ALPM] installed perl-sgmls (1.03ii-5)
[2015-02-03 16:03] [ALPM] installed perl-xml-parser (2.44-1)
[2015-02-03 16:03] [ALPM] installed jade (1.2.1-9)
[2015-02-03 16:03] [ALPM] installed docbook2x (0.8.8-13)
[2015-02-03 16:03] [ALPM] transaction completed
[2015-02-03 16:05] [PACMAN] Running 'pacman --color never -U --asdeps /tmp/yaourt-tmp-manu/PKGDEST.QOA/conky-lua-1.9.0-2-i686.pkg.tar.xz'
[2015-02-03 16:05] [ALPM] transaction started
[2015-02-03 16:05] [ALPM] installed conky-lua (1.9.0-2)
[2015-02-03 16:05] [ALPM] transaction completed
[2015-02-03 16:05] [PACMAN] Running 'pacman --color never -U /tmp/yaourt-tmp-manu/PKGDEST.C0V/conky-lua-arch-0.4-1-any.pkg.tar.xz'
[2015-02-03 16:05] [ALPM] transaction started
[2015-02-03 16:05] [ALPM] installed conky-lua-arch (0.4-1)
[2015-02-03 16:05] [ALPM] transaction completed
[2015-02-03 16:07] [PACMAN] Running 'pacman --color never -S --asdeps --needed extra/vala'
[2015-02-03 16:07] [ALPM] transaction started
[2015-02-03 16:07] [ALPM] installed vala (0.26.2-1)
[2015-02-03 16:07] [ALPM] transaction completed
[2015-02-03 16:08] [PACMAN] Running 'pacman --color never -U --asdeps /tmp/yaourt-tmp-manu/PKGDEST.HMQ/libgee06-0.6.8-1-i686.pkg.tar.xz'
[2015-02-03 16:08] [ALPM] transaction started
[2015-02-03 16:08] [ALPM] installed libgee06 (0.6.8-1)
[2015-02-03 16:08] [ALPM] transaction completed
[2015-02-03 16:09] [PACMAN] Running 'pacman --color never -U /tmp/yaourt-tmp-manu/PKGDEST.eA2/conky-manager-2.3.3-1-i686.pkg.tar.xz'
[2015-02-03 16:09] [ALPM] transaction started
[2015-02-03 16:09] [ALPM] installed conky-manager (2.3.3-1)
[2015-02-03 16:09] [ALPM] transaction completed
[2015-02-03 21:06] [PACMAN] Running 'pacman -S cheese'
[2015-02-03 21:46] [ALPM] transaction started
[2015-02-03 21:46] [ALPM] installed cogl (1.18.2-1)
[2015-02-03 21:46] [ALPM] installed libinput (0.7.0-1)
[2015-02-03 21:46] [ALPM] installed clutter (1.20.0-2)
[2015-02-03 21:46] [ALPM] installed clutter-gst (2.0.14-1)
[2015-02-03 21:46] [ALPM] installed clutter-gtk (1.6.0-1)
[2015-02-03 21:46] [ALPM] installed gnome-video-effects (0.4.1-1)
[2015-02-03 21:46] [ALPM] installed gnome-desktop (1:3.14.2-1)
[2015-02-03 21:46] [ALPM] installed cheese (3.14.2-1)
[2015-02-03 21:46] [ALPM] transaction completed
[2015-02-04 07:40] [kalu] synchronized database core
[2015-02-04 07:40] [kalu] synchronized database extra
[2015-02-04 07:40] [kalu] synchronized database community
[2015-02-04 07:40] [kalu] synchronized database antergos
[2015-02-04 07:42] [kalu] starting sysupgrade...
[2015-02-04 07:42] [ALPM] transaction started
[2015-02-04 07:42] [ALPM] removed gst-vaapi (0.5.9-1)
[2015-02-04 07:42] [ALPM] upgraded cmake (3.1.1-1 -> 3.1.1-2)
[2015-02-04 07:42] [ALPM] upgraded dhcpcd (6.6.7-1 -> 6.7.1-1)
[2015-02-04 07:42] [ALPM] installed gstreamer-vaapi (0.5.10-1)
[2015-02-04 07:42] [ALPM] upgraded pyqt4-common (4.11.3-1 -> 4.11.3-2)
[2015-02-04 07:42] [ALPM] upgraded python-pyqt4 (4.11.3-1 -> 4.11.3-2)
[2015-02-04 07:42] [ALPM] transaction completed
[2015-02-04 07:42] [kalu] sysupgrade completed
[2015-02-04 07:46] [PACMAN] Running 'pacman --color never -Sy'
[2015-02-04 07:46] [PACMAN] synchronizing package lists
[2015-02-04 07:47] [PACMAN] Running 'pacman -Rs --color never archlinux-artwork docbook2x imake pkgbuilder python-beautifulsoup4 snappy speech-dispatcher tolua++ vala xterm'
[2015-02-04 07:52] [PACMAN] Running 'pacman -R gstreamer010-vaapi'
[2015-02-04 07:52] [PACMAN] Running 'pacman -R gstreamer010-vaapi'
[2015-02-04 07:54] [PACMAN] Running 'pacman -S --color never pacmanxg_fakepackage_for_check_operation_ability'
[2015-02-04 07:54] [PACMAN] Running 'pacman -S --color never pacmanxg_fakepackage_for_check_operation_ability'
[2015-02-04 08:01] [PACMAN] Running 'pacman -R --color never pacmanxg_fakepackage_for_check_operation_ability'
[2015-02-04 08:01] [PACMAN] Running 'pacman -R --color never gstreamer0.10-vaapi'
[2015-02-04 08:01] [ALPM] transaction started
[2015-02-04 08:01] [ALPM] removed gstreamer0.10-vaapi (0.5.9-1)
[2015-02-04 08:01] [ALPM] transaction completed
[2015-02-04 15:21] [kalu] synchronized database core
[2015-02-04 15:22] [kalu] synchronized database extra
[2015-02-04 15:22] [kalu] synchronized database community
[2015-02-04 15:22] [kalu] synchronized database antergos
[2015-02-04 15:25] [kalu] Failed to synchronize database core: impossibile bloccare il database
[2015-02-04 15:25] [kalu] Failed to synchronize database extra: impossibile bloccare il database
[2015-02-04 15:25] [kalu] Failed to synchronize database community: impossibile bloccare il database
[2015-02-04 15:25] [kalu] Failed to synchronize database antergos: impossibile bloccare il database
[2015-02-04 15:35] [kalu] Failed to synchronize database core: impossibile bloccare il database
[2015-02-04 15:35] [kalu] Failed to synchronize database extra: impossibile bloccare il database
[2015-02-04 15:35] [kalu] Failed to synchronize database community: impossibile bloccare il database
[2015-02-04 15:35] [kalu] Failed to synchronize database antergos: impossibile bloccare il database
[2015-02-04 15:44] [kalu] starting sysupgrade...
[2015-02-04 15:44] [ALPM] transaction started
[2015-02-04 15:44] [ALPM] upgraded lightdm (1:1.12.2-1 -> 1:1.12.2-2)
[2015-02-04 15:44] [ALPM] transaction completed
[2015-02-04 15:44] [kalu] sysupgrade completed
[2015-02-04 23:10] [kalu] synchronized database core
[2015-02-04 23:10] [kalu] synchronized database extra
[2015-02-04 23:11] [kalu] synchronized database community
[2015-02-04 23:11] [kalu] synchronized database antergos
[2015-02-04 23:38] [kalu] starting sysupgrade...
[2015-02-04 23:40] [ALPM] transaction started
[2015-02-04 23:40] [ALPM] upgraded tzdata (2014j-1 -> 2015a-1)
[2015-02-04 23:40] [ALPM] upgraded libgpg-error (1.17-1 -> 1.18-1)
[2015-02-04 23:40] [ALPM] upgraded poppler (0.29.0-1 -> 0.30.0-1)
[2015-02-04 23:40] [ALPM] upgraded cups-filters (1.0.62-1 -> 1.0.62-2)
[2015-02-04 23:40] [ALPM] upgraded glew (1.11.0-1 -> 1.12.0-1)
[2015-02-04 23:40] [ALPM] installed libpagemaker (0.0.2-1)
[2015-02-04 23:40] [ALPM] installed libabw (0.1.1-1)
[2015-02-04 23:40] [ALPM] installed libmwaw (0.3.4-1)
[2015-02-04 23:40] [ALPM] installed libe-book (0.1.2-1)
[2015-02-04 23:40] [ALPM] upgraded sqlite (3.8.8.1-1 -> 3.8.8.2-1)
[2015-02-04 23:40] [ALPM] upgraded libreoffice-fresh (4.3.5-1 -> 4.4.0-1)
[2015-02-04 23:40] [ALPM] upgraded libreoffice-fresh-it (4.3.5-1 -> 4.4.0-1)
[2015-02-04 23:40] [ALPM] upgraded poppler-glib (0.29.0-1 -> 0.30.0-1)
[2015-02-04 23:40] [ALPM] transaction completed
[2015-02-04 23:40] [kalu] sysupgrade completed
[2015-02-05 10:50] [kalu] synchronized database core
[2015-02-05 10:50] [kalu] synchronized database extra
[2015-02-05 10:50] [kalu] synchronized database community
[2015-02-05 10:50] [kalu] synchronized database antergos
[2015-02-05 10:50] [kalu] starting sysupgrade...
[2015-02-05 10:50] [ALPM] transaction started
[2015-02-05 10:50] [ALPM] upgraded hwids (20141214-1 -> 20150129-1)
[2015-02-05 10:50] [ALPM] transaction completed
[2015-02-05 10:50] [kalu] sysupgrade completed
[2015-02-05 21:58] [kalu] synchronized database extra
[2015-02-05 21:58] [kalu] synchronized database community
[2015-02-05 21:58] [kalu] synchronized database antergos
[2015-02-05 21:58] [kalu] starting sysupgrade...
[2015-02-05 21:59] [ALPM] transaction started
[2015-02-05 21:59] [ALPM] upgraded flashplugin (11.2.202.440-1 -> 11.2.202.442-1)
[2015-02-05 21:59] [ALPM] transaction completed
[2015-02-05 21:59] [kalu] sysupgrade completed
[2015-02-06 02:16] [kalu] synchronized database core
[2015-02-06 02:16] [kalu] synchronized database extra
[2015-02-06 02:16] [kalu] synchronized database community
[2015-02-06 02:16] [kalu] synchronized database antergos
[2015-02-06 02:16] [kalu] starting sysupgrade...
[2015-02-06 02:16] [ALPM] transaction started
[2015-02-06 02:16] [ALPM] upgraded libpciaccess (0.13.2-2 -> 0.13.3-1)
[2015-02-06 02:17] [ALPM] upgraded hplip (3.14.10-2 -> 3.15.2-1)
[2015-02-06 02:17] [ALPM] warning: /etc/pacman.d/mirrorlist installed as /etc/pacman.d/mirrorlist.pacnew
[2015-02-06 02:17] [ALPM] upgraded pacman-mirrorlist (20150105-1 -> 20150205-1)
[2015-02-06 02:17] [ALPM] transaction completed
[2015-02-06 02:17] [kalu] sysupgrade completed
[2015-02-06 17:03] [kalu] synchronized database extra
[2015-02-06 17:03] [kalu] synchronized database community
[2015-02-06 17:03] [kalu] synchronized database antergos
[2015-02-06 17:04] [kalu] starting sysupgrade...
[2015-02-06 17:04] [ALPM] transaction started
[2015-02-06 17:04] [ALPM] upgraded git (2.2.2-1 -> 2.3.0-1)
[2015-02-06 17:04] [ALPM] transaction completed
[2015-02-06 17:04] [kalu] sysupgrade completed
[2015-02-07 00:28] [kalu] synchronized database core
[2015-02-07 00:28] [kalu] synchronized database extra
[2015-02-07 00:28] [kalu] synchronized database community
[2015-02-07 00:28] [kalu] synchronized database antergos
[2015-02-07 00:29] [kalu] starting sysupgrade...
[2015-02-07 00:29] [ALPM] transaction started
[2015-02-07 00:29] [ALPM] upgraded ntp (4.2.8-1 -> 4.2.8.p1-1)
[2015-02-07 00:29] [ALPM] upgraded python-pycups (1.9.70-1 -> 1.9.71-1)
[2015-02-07 00:29] [ALPM] upgraded system-config-printer (1.5.4-2 -> 1.5.5-1)
[2015-02-07 00:29] [ALPM] transaction completed
[2015-02-07 00:29] [kalu] sysupgrade completed
[2015-02-07 16:33] [kalu] synchronized database extra
[2015-02-07 16:33] [kalu] synchronized database community
[2015-02-07 16:33] [kalu] synchronized database antergos
[2015-02-07 16:33] [kalu] starting sysupgrade...
[2015-02-07 16:48] [ALPM] transaction started
[2015-02-07 16:48] [ALPM] upgraded cmake (3.1.1-2 -> 3.1.2-1)
[2015-02-07 16:48] [ALPM] upgraded mesa (10.4.3-1 -> 10.4.4-1)
[2015-02-07 16:48] [ALPM] upgraded mesa-libgl (10.4.3-1 -> 10.4.4-1)
[2015-02-07 16:48] [ALPM] upgraded libreoffice-fresh (4.4.0-1 -> 4.4.0-2)
[2015-02-07 16:48] [ALPM] upgraded mesa-vdpau (10.4.3-1 -> 10.4.4-1)
[2015-02-07 16:48] [ALPM] upgraded udisks2 (2.1.3-1 -> 2.1.4-1)
[2015-02-07 16:48] [ALPM] transaction completed
[2015-02-07 16:48] [kalu] sysupgrade completed
[2015-02-07 20:56] [kalu] synchronized database extra
[2015-02-07 20:56] [kalu] synchronized database antergos
[2015-02-07 21:16] [PACMAN] Running 'pacman --color auto -Sy'
[2015-02-07 21:16] [PACMAN] synchronizing package lists
[2015-02-07 21:21] [PACMAN] Running 'pacman --color auto -U /tmp/yaourt-tmp-manu/PKGDEST.fO9/telegram-bin-0.7.12-1-i686.pkg.tar.xz'
[2015-02-07 21:21] [ALPM] transaction started
[2015-02-07 21:21] [ALPM] upgraded telegram-bin (0.7.10-1 -> 0.7.12-1)
[2015-02-07 21:21] [ALPM] transaction completed
[2015-02-07 21:34] [PACMAN] Running 'pacman --color auto -Sy'
[2015-02-07 21:34] [PACMAN] synchronizing package lists
[2015-02-07 21:34] [PACMAN] starting full system upgrade
[2015-02-07 21:46] [PACMAN] Running 'pacman --color never -U /tmp/yaourt-tmp-manu/PKGDEST.7hw/masterpdfeditor-2.2.10-2-i686.pkg.tar.xz'
[2015-02-07 21:46] [ALPM] transaction started
[2015-02-07 21:46] [ALPM] installed masterpdfeditor (2.2.10-2)
[2015-02-07 21:46] [ALPM] transaction completed
[2015-02-07 22:53] [PACMAN] Running 'pacman -S --color never pacmanxg_fakepackage_for_check_operation_ability'
[2015-02-07 22:53] [PACMAN] Running 'pacman -S --color never community/winff'
[2015-02-07 22:53] [ALPM] transaction started
[2015-02-07 22:53] [ALPM] installed winff (1.5.3-2)
[2015-02-07 22:53] [ALPM] transaction completed
[2015-02-08 11:13] [kalu] synchronized database core
[2015-02-08 11:13] [kalu] synchronized database extra
[2015-02-08 11:13] [kalu] synchronized database community
[2015-02-08 11:13] [kalu] synchronized database antergos
[2015-02-08 11:15] [kalu] starting sysupgrade...
[2015-02-08 11:15] [ALPM] transaction started
[2015-02-08 11:15] [ALPM] upgraded wireless-regdb (2014.06.02-1 -> 2015.01.30-2)
[2015-02-08 11:15] [ALPM] upgraded crda (3.13-1 -> 3.18-1)
[2015-02-08 11:15] [ALPM] upgraded parted (3.2-1 -> 3.2-2)
[2015-02-08 11:15] [ALPM] upgraded gparted (0.21.0-1 -> 0.21.0-2)
[2015-02-08 11:15] [ALPM] upgraded linux (3.18.5-1 -> 3.18.6-1)
[2015-02-08 11:15] [ALPM-SCRIPTLET] >>> Updating module dependencies. Please wait ...
[2015-02-08 11:15] [ALPM-SCRIPTLET] >>> Generating initial ramdisk, using mkinitcpio.  Please wait...
[2015-02-08 11:15] [ALPM-SCRIPTLET] ==> Building image from preset: /etc/mkinitcpio.d/linux.preset: 'default'
[2015-02-08 11:15] [ALPM-SCRIPTLET]   -> -k /boot/vmlinuz-linux -c /etc/mkinitcpio.conf -g /boot/initramfs-linux.img
[2015-02-08 11:15] [ALPM-SCRIPTLET] ==> Starting build: 3.18.6-1-ARCH
[2015-02-08 11:15] [ALPM-SCRIPTLET]   -> Running build hook: [base]
[2015-02-08 11:15] [ALPM-SCRIPTLET]   -> Running build hook: [udev]
[2015-02-08 11:15] [ALPM-SCRIPTLET]   -> Running build hook: [autodetect]
[2015-02-08 11:15] [ALPM-SCRIPTLET]   -> Running build hook: [modconf]
[2015-02-08 11:15] [ALPM-SCRIPTLET]   -> Running build hook: [block]
[2015-02-08 11:15] [ALPM-SCRIPTLET]   -> Running build hook: [keyboard]
[2015-02-08 11:15] [ALPM-SCRIPTLET]   -> Running build hook: [keymap]
[2015-02-08 11:15] [ALPM-SCRIPTLET]   -> Running build hook: [resume]
[2015-02-08 11:15] [ALPM-SCRIPTLET]   -> Running build hook: [filesystems]
[2015-02-08 11:15] [ALPM-SCRIPTLET]   -> Running build hook: [fsck]
[2015-02-08 11:15] [ALPM-SCRIPTLET] ==> Generating module dependencies
[2015-02-08 11:15] [ALPM-SCRIPTLET] ==> Creating gzip-compressed initcpio image: /boot/initramfs-linux.img
[2015-02-08 11:15] [ALPM-SCRIPTLET] ==> Image generation successful
[2015-02-08 11:15] [ALPM-SCRIPTLET] ==> Building image from preset: /etc/mkinitcpio.d/linux.preset: 'fallback'
[2015-02-08 11:15] [ALPM-SCRIPTLET]   -> -k /boot/vmlinuz-linux -c /etc/mkinitcpio.conf -g /boot/initramfs-linux-fallback.img -S autodetect
[2015-02-08 11:15] [ALPM-SCRIPTLET] ==> Starting build: 3.18.6-1-ARCH
[2015-02-08 11:15] [ALPM-SCRIPTLET]   -> Running build hook: [base]
[2015-02-08 11:15] [ALPM-SCRIPTLET]   -> Running build hook: [udev]
[2015-02-08 11:15] [ALPM-SCRIPTLET]   -> Running build hook: [modconf]
[2015-02-08 11:15] [ALPM-SCRIPTLET]   -> Running build hook: [block]
[2015-02-08 11:15] [ALPM-SCRIPTLET] ==> WARNING: Possibly missing firmware for module: aic94xx
[2015-02-08 11:16] [ALPM-SCRIPTLET]   -> Running build hook: [keyboard]
[2015-02-08 11:16] [ALPM-SCRIPTLET]   -> Running build hook: [keymap]
[2015-02-08 11:16] [ALPM-SCRIPTLET]   -> Running build hook: [resume]
[2015-02-08 11:16] [ALPM-SCRIPTLET]   -> Running build hook: [filesystems]
[2015-02-08 11:16] [ALPM-SCRIPTLET]   -> Running build hook: [fsck]
[2015-02-08 11:16] [ALPM-SCRIPTLET] ==> Generating module dependencies
[2015-02-08 11:16] [ALPM-SCRIPTLET] ==> Creating gzip-compressed initcpio image: /boot/initramfs-linux-fallback.img
[2015-02-08 11:16] [ALPM-SCRIPTLET] ==> Image generation successful
[2015-02-08 11:16] [ALPM] upgraded tp_smapi (0.41-61 -> 0.41-62)
[2015-02-08 11:16] [ALPM] transaction completed
[2015-02-08 11:16] [kalu] sysupgrade completed
[2015-02-09 00:32] [PACMAN] Running 'pacman --color never -U /tmp/yaourt-tmp-manu/PKGDEST.HPU/conky-manager-2.3.3-1-i686.pkg.tar.xz'
[2015-02-09 00:32] [ALPM] transaction started
[2015-02-09 00:32] [ALPM] reinstalled conky-manager (2.3.3-1)
[2015-02-09 00:32] [ALPM] transaction completed
[2015-02-09 22:51] [kalu] synchronized database core
[2015-02-09 22:51] [kalu] synchronized database extra
[2015-02-09 22:51] [kalu] synchronized database community
[2015-02-09 22:51] [kalu] synchronized database antergos
[2015-02-09 22:52] [kalu] starting sysupgrade...
[2015-02-09 22:56] [ALPM] transaction started
[2015-02-09 22:56] [ALPM] upgraded linux-api-headers (3.18.1-1 -> 3.18.5-1)
[2015-02-09 22:56] [ALPM] warning: /etc/locale.gen installed as /etc/locale.gen.pacnew
[2015-02-09 22:56] [ALPM] upgraded glibc (2.20-6 -> 2.21-1)
[2015-02-09 22:56] [ALPM] upgraded binutils (2.25-1 -> 2.25-2)
[2015-02-09 22:56] [ALPM] upgraded gcc-libs (4.9.2-2 -> 4.9.2-3)
[2015-02-09 22:56] [ALPM] upgraded gcc (4.9.2-2 -> 4.9.2-3)
[2015-02-09 22:56] [ALPM] upgraded net-snmp (5.7.2.1-3 -> 5.7.3-1)
[2015-02-09 22:56] [ALPM] upgraded hplip (3.15.2-1 -> 3.15.2-2)
[2015-02-09 22:56] [ALPM] upgraded libnice (0.1.7-1 -> 0.1.10-1)
[2015-02-09 22:56] [ALPM] upgraded linux-firmware (20141201.38e5405-1 -> 20150206.17657c3-1)
[2015-02-09 22:56] [ALPM] upgraded patch (2.7.3-1 -> 2.7.4-1)
[2015-02-09 22:56] [ALPM] transaction completed
[2015-02-09 22:56] [kalu] sysupgrade completed
[2015-02-09 23:03] [PACMAN] Running 'pacman --color auto -Sy'
[2015-02-09 23:03] [PACMAN] synchronizing package lists
[2015-02-09 23:03] [PACMAN] starting full system upgrade
[2015-02-09 23:04] [PACMAN] Running 'pacman --color auto -Sy'
[2015-02-09 23:04] [PACMAN] synchronizing package lists
[2015-02-09 23:04] [PACMAN] Running 'pacman --color auto -Sy'
[2015-02-09 23:04] [PACMAN] synchronizing package lists
[2015-02-09 23:07] [PACMAN] Running 'pacman --color auto -Sy'
[2015-02-09 23:07] [PACMAN] synchronizing package lists
[2015-02-09 23:08] [PACMAN] Running 'pacman --color auto -Sy'
[2015-02-09 23:08] [PACMAN] synchronizing package lists
[2015-02-09 23:09] [PACMAN] Running 'pacman --color auto -U /tmp/yaourt-tmp-manu/PKGDEST.PL6/masterpdfeditor-2.2.15-1-i686.pkg.tar.xz'
[2015-02-09 23:09] [ALPM] transaction started
[2015-02-09 23:10] [ALPM] upgraded masterpdfeditor (2.2.10-2 -> 2.2.15-1)
[2015-02-09 23:10] [ALPM] transaction completed
[2015-02-10 00:39] [kalu] synchronized database extra
[2015-02-10 00:39] [kalu] synchronized database community
[2015-02-10 00:39] [kalu] synchronized database antergos
[2015-02-10 00:39] [kalu] starting sysupgrade...
[2015-02-10 00:39] [ALPM] transaction started
[2015-02-10 00:39] [ALPM] upgraded lua-bitop (1.0.2-3 -> 1.0.2-5)
[2015-02-10 00:39] [ALPM] transaction completed
[2015-02-10 00:39] [kalu] sysupgrade completed
[2015-02-10 01:44] [kalu] synchronized database core
[2015-02-10 01:44] [kalu] synchronized database extra
[2015-02-10 01:44] [kalu] starting sysupgrade...
[2015-02-10 01:44] [ALPM] transaction started
[2015-02-10 01:44] [ALPM] upgraded libdbus (1.8.14-1 -> 1.8.16-1)
[2015-02-10 01:44] [ALPM] upgraded dbus (1.8.14-1 -> 1.8.16-1)
[2015-02-10 01:44] [ALPM] upgraded p7zip (9.20.1-9 -> 9.38-1)
[2015-02-10 01:44] [ALPM] transaction completed
[2015-02-10 01:44] [kalu] sysupgrade completed
[2015-02-10 02:12] [PACMAN] Running 'pacman --color never -S --asdeps --needed core/linux-headers extra/bluez-libs'
[2015-02-10 02:13] [ALPM] transaction started
[2015-02-10 02:13] [ALPM] installed linux-headers (3.18.6-1)
[2015-02-10 02:13] [ALPM] installed bluez-libs (5.28-1)
[2015-02-10 02:13] [ALPM] transaction completed
[2015-02-10 02:28] [PACMAN] Running 'pacman --color auto -S usb-webcam'
[2015-02-10 09:40] [kalu] synchronized database extra
[2015-02-10 09:40] [kalu] synchronized database community
[2015-02-10 09:40] [kalu] synchronized database antergos
[2015-02-10 09:40] [kalu] starting sysupgrade...
[2015-02-10 09:40] [ALPM] transaction started
[2015-02-10 09:40] [ALPM] upgraded numix-icon-theme (0.r287.ad07517-1 -> 0.r289.ec0c844-1)
[2015-02-10 09:40] [ALPM] transaction completed
[2015-02-10 09:40] [kalu] sysupgrade completed
[2015-02-11 20:51] [PACMAN] Running 'pacman --color auto -Sy'
[2015-02-11 20:51] [PACMAN] synchronizing package lists
[2015-02-11 20:53] [kalu] starting sysupgrade...
[2015-02-11 20:54] [ALPM] transaction started
[2015-02-11 20:54] [ALPM] upgraded glibc (2.21-1 -> 2.21-2)
[2015-02-11 20:54] [ALPM-SCRIPTLET] Generating locales...
[2015-02-11 20:54] [ALPM-SCRIPTLET]   it_IT.UTF-8... done
[2015-02-11 20:54] [ALPM-SCRIPTLET] Generation complete.
[2015-02-11 20:54] [ALPM] upgraded libcups (2.0.1-1 -> 2.0.2-1)
[2015-02-11 20:54] [ALPM] upgraded lzo (2.08-3 -> 2.09-1)
[2015-02-11 20:54] [ALPM] upgraded cups (2.0.1-1 -> 2.0.2-1)
[2015-02-11 20:54] [ALPM] upgraded libmbim (1.12.0-1 -> 1.12.2-1)
[2015-02-11 20:54] [ALPM] upgraded libmm-glib (1.4.2-1 -> 1.4.4-1)
[2015-02-11 20:54] [ALPM] upgraded libqmi (1.12.0-1 -> 1.12.4-1)
[2015-02-11 20:54] [ALPM] upgraded modemmanager (1.4.2-1 -> 1.4.4-1)
[2015-02-11 20:54] [ALPM] upgraded p7zip (9.38-1 -> 9.38-2)
[2015-02-11 20:54] [ALPM] upgraded python-setuptools (1:12.0.5-1 -> 1:12.1-1)
[2015-02-11 20:54] [ALPM] upgraded xorg-server-common (1.16.3-2 -> 1.16.4-1)
[2015-02-11 20:54] [ALPM] upgraded xorg-server (1.16.3-2 -> 1.16.4-1)
[2015-02-11 20:54] [ALPM] transaction completed
[2015-02-11 20:54] [kalu] sysupgrade completed
[2015-02-11 20:55] [PACMAN] Running 'pacman --color auto -Sy'
[2015-02-11 20:55] [PACMAN] synchronizing package lists
[2015-02-11 21:15] [PACMAN] Running 'pacman --color auto -Sy'
[2015-02-11 21:15] [PACMAN] synchronizing package lists
[2015-02-11 21:35] [PACMAN] Running 'pacman --color auto -U /tmp/yaourt-tmp-manu/PKGDEST.qkb/telegram-bin-0.7.13-1-i686.pkg.tar.xz'
[2015-02-11 21:35] [ALPM] transaction started
[2015-02-11 21:35] [ALPM] upgraded telegram-bin (0.7.12-1 -> 0.7.13-1)
[2015-02-11 21:35] [ALPM] transaction completed
[2015-02-12 20:34] [kalu] synchronized database core
[2015-02-12 20:34] [kalu] synchronized database extra
[2015-02-12 20:35] [kalu] synchronized database community
[2015-02-12 20:35] [kalu] synchronized database antergos
[2015-02-12 20:42] [kalu] starting sysupgrade...
[2015-02-12 20:44] [ALPM] transaction started
[2015-02-12 20:44] [ALPM] upgraded libdatrie (0.2.6-1 -> 0.2.8-1)
[2015-02-12 20:44] [ALPM] upgraded libthai (0.1.19-1 -> 0.1.21-1)
[2015-02-12 20:44] [ALPM] upgraded converseen (0.8.6-1 -> 0.9.0-1)
[2015-02-12 20:44] [ALPM] upgraded device-mapper (2.02.114-1 -> 2.02.116-1)
[2015-02-12 20:44] [ALPM] upgraded x265 (1.4-1 -> 1.5-1)
[2015-02-12 20:44] [ALPM] upgraded ffmpeg (1:2.5.3-1 -> 1:2.5.3-2)
[2015-02-12 20:44] [ALPM] upgraded libndp (1.3-1 -> 1.4-1)
[2015-02-12 20:44] [ALPM] upgraded lvm2 (2.02.114-1 -> 2.02.116-1)
[2015-02-12 20:44] [ALPM] transaction completed
[2015-02-12 20:44] [kalu] sysupgrade completed
[2015-02-12 20:50] [PACMAN] Running 'pacman --color auto -Sy'
[2015-02-12 20:50] [PACMAN] synchronizing package lists
[2015-02-12 21:06] [PACMAN] Running 'pacman --color auto -U /tmp/yaourt-tmp-manu/PKGDEST.f9w/freefilesync-6.14-0-any.pkg.tar.xz'
[2015-02-12 21:06] [ALPM] transaction started
[2015-02-12 21:06] [ALPM] upgraded freefilesync (6.12-0 -> 6.14-0)
[2015-02-12 21:06] [ALPM] transaction completed
[2015-02-13 09:31] [kalu] synchronized database extra
[2015-02-13 09:32] [kalu] synchronized database community
[2015-02-13 09:32] [kalu] synchronized database antergos
[2015-02-13 09:32] [kalu] starting sysupgrade...
[2015-02-13 09:33] [ALPM] transaction started
[2015-02-13 09:33] [ALPM] upgraded cmake (3.1.2-1 -> 3.1.3-1)
[2015-02-13 09:33] [ALPM] upgraded libpulse (5.0-1 -> 6.0-1)
[2015-02-13 09:33] [ALPM] upgraded perl-error (0.17022-1 -> 0.17023-1)
[2015-02-13 09:33] [ALPM] installed speexdsp (1.2rc3-1)
[2015-02-13 09:33] [ALPM] upgraded pulseaudio (5.0-1 -> 6.0-1)
[2015-02-13 09:33] [ALPM] upgraded speex (1.2rc1-4 -> 1.2rc2-1)
[2015-02-13 09:33] [ALPM] transaction completed
[2015-02-13 09:33] [kalu] sysupgrade completed
[2015-02-13 13:57] [kalu] synchronized database extra
[2015-02-13 13:58] [kalu] synchronized database community
[2015-02-13 13:58] [kalu] synchronized database antergos
[2015-02-13 13:58] [kalu] starting sysupgrade...
[2015-02-13 13:58] [ALPM] transaction started
[2015-02-13 13:58] [ALPM] upgraded protobuf-c (1.0.2-1 -> 1.1.0-1)
[2015-02-13 13:58] [ALPM] transaction completed
[2015-02-13 13:58] [kalu] sysupgrade completed
[2015-02-13 21:08] [kalu] synchronized database core
[2015-02-13 21:08] [kalu] synchronized database extra
[2015-02-13 21:08] [kalu] synchronized database community
[2015-02-13 21:08] [kalu] synchronized database antergos
[2015-02-13 21:08] [kalu] starting sysupgrade...
[2015-02-13 21:08] [ALPM] transaction started
[2015-02-13 21:08] [ALPM] upgraded archlinux-keyring (20141218-1 -> 20150212-1)
[2015-02-13 21:08] [ALPM-SCRIPTLET] ==> Aggiunta delle chiavi da archlinux.gpg in corso...
[2015-02-13 21:08] [ALPM-SCRIPTLET] gpg: 3 marginal(s) needed, 1 complete(s) needed, PGP trust model
[2015-02-13 21:08] [ALPM-SCRIPTLET] gpg: depth: 0  valid:   1  signed:   8  trust: 0-, 0q, 0n, 0m, 0f, 1u
[2015-02-13 21:08] [ALPM-SCRIPTLET] gpg: depth: 1  valid:   8  signed:  62  trust: 0-, 0q, 0n, 8m, 0f, 0u
[2015-02-13 21:08] [ALPM-SCRIPTLET] gpg: depth: 2  valid:  62  signed:   5  trust: 62-, 0q, 0n, 0m, 0f, 0u
[2015-02-13 21:08] [ALPM-SCRIPTLET] gpg: il prossimo controllo del trustdb sarà fatto il 2015-05-09
[2015-02-13 21:08] [ALPM-SCRIPTLET] ==> Sto firmando localmente le chiavi verificate nel keyring...
[2015-02-13 21:08] [ALPM-SCRIPTLET]   -> Sto firmando localmente la chiave 0E8B644079F599DFC1DDC3973348882F6AC6A4C2...
[2015-02-13 21:08] [ALPM-SCRIPTLET]   -> Sto firmando localmente la chiave 684148BB25B49E986A4944C55184252D824B18E8...
[2015-02-13 21:08] [ALPM-SCRIPTLET]   -> Sto firmando localmente la chiave 44D4A033AC140143927397D47EFD567D4C7EA887...
[2015-02-13 21:08] [ALPM-SCRIPTLET]   -> Sto firmando localmente la chiave 27FFC4769E19F096D41D9265A04F9397CDFD6BB0...
[2015-02-13 21:08] [ALPM-SCRIPTLET]   -> Sto firmando localmente la chiave AB19265E5D7D20687D303246BA1DFB64FFF979E7...
[2015-02-13 21:08] [ALPM-SCRIPTLET] ==> Sto importando i valori...
[2015-02-13 21:08] [ALPM-SCRIPTLET] ==> Disabilitazione delle chiavi revocate nel keyring in corso...
[2015-02-13 21:08] [ALPM-SCRIPTLET]   -> Disabilitazione della chiave F5A361A3A13554B85E57DDDAAF7EF7873CFD4BB6 in corso...
[2015-02-13 21:08] [ALPM-SCRIPTLET]   -> Disabilitazione della chiave 7FA647CD89891DEDC060287BB9113D1ED21E1A55 in corso...
[2015-02-13 21:08] [ALPM-SCRIPTLET]   -> Disabilitazione della chiave D4DE5ABDE2A7287644EAC7E36D1A9E70E19DAA50 in corso...
[2015-02-13 21:08] [ALPM-SCRIPTLET]   -> Disabilitazione della chiave BC1FBE4D2826A0B51E47ED62E2539214C6C11350 in corso...
[2015-02-13 21:08] [ALPM-SCRIPTLET]   -> Disabilitazione della chiave 9515D8A8EAB88E49BB65EDBCE6B456CAF15447D5 in corso...
[2015-02-13 21:08] [ALPM-SCRIPTLET]   -> Disabilitazione della chiave 4A8B17E20B88ACA61860009B5CED81B7C2E5C0D2 in corso...
[2015-02-13 21:08] [ALPM-SCRIPTLET]   -> Disabilitazione della chiave 63F395DE2D6398BBE458F281F2DBB4931985A992 in corso...
[2015-02-13 21:08] [ALPM-SCRIPTLET]   -> Disabilitazione della chiave 0B20CA1931F5DA3A70D0F8D2EA6836E1AB441196 in corso...
[2015-02-13 21:08] [ALPM-SCRIPTLET]   -> Disabilitazione della chiave 8F76BEEA0289F9E1D3E229C05F946DED983D4366 in corso...
[2015-02-13 21:08] [ALPM-SCRIPTLET]   -> Disabilitazione della chiave 66BD74A036D522F51DD70A3C7F2A16726521E06D in corso...
[2015-02-13 21:08] [ALPM-SCRIPTLET]   -> Disabilitazione della chiave 81D7F8241DB38BC759C80FCE3A726C6170E80477 in corso...
[2015-02-13 21:08] [ALPM-SCRIPTLET]   -> Disabilitazione della chiave E7210A59715F6940CF9A4E36A001876699AD6E84 in corso...
[2015-02-13 21:08] [ALPM-SCRIPTLET] ==> Aggiornamento del database in corso...
[2015-02-13 21:08] [ALPM-SCRIPTLET] gpg: il prossimo controllo del trustdb sarà fatto il 2015-05-09
[2015-02-13 21:08] [ALPM] upgraded gd (2.1.0-3 -> 2.1.1-1)
[2015-02-13 21:08] [ALPM] upgraded gnupg (2.1.1-1 -> 2.1.2-1)
[2015-02-13 21:08] [ALPM] upgraded python-pycups (1.9.71-1 -> 1.9.72-1)
[2015-02-13 21:08] [ALPM] upgraded sudo (1.8.11.p2-1 -> 1.8.12-1)
[2015-02-13 21:08] [ALPM] transaction completed
[2015-02-13 21:08] [kalu] sysupgrade completed
[2015-02-14 10:01] [kalu] synchronized database extra
[2015-02-14 10:01] [kalu] synchronized database community
[2015-02-14 10:01] [kalu] synchronized database antergos
[2015-02-14 10:01] [kalu] starting sysupgrade...
[2015-02-14 10:01] [ALPM] transaction started
[2015-02-14 10:01] [ALPM] upgraded ffmpeg (1:2.5.3-2 -> 1:2.5.4-1)
[2015-02-14 10:01] [ALPM] transaction completed
[2015-02-14 10:01] [kalu] sysupgrade completed
[2015-02-15 09:53] [PACMAN] Running 'pacman -Syu'
[2015-02-15 09:53] [PACMAN] synchronizing package lists
[2015-02-15 09:53] [PACMAN] starting full system upgrade
[2015-02-15 09:54] [ALPM] transaction started
[2015-02-15 09:55] [ALPM] removed lightdm-webkit-greeter (0.1.2-6)
[2015-02-15 09:55] [ALPM] upgraded libdc1394 (2.2.1-2 -> 2.2.3-1)
[2015-02-15 09:55] [ALPM] upgraded libnm-glib (1.0.0-1 -> 1.0.0-2)
[2015-02-15 09:55] [ALPM] installed webkit2gtk (2.6.5-1)
[2015-02-15 09:55] [ALPM] installed lightdm-webkit2-greeter (0.1.2-2)
[2015-02-15 09:55] [ALPM] warning: directory permissions differ on /usr/share/lightdm-webkit/themes/antergos/
filesystem: 775  package: 755
[2015-02-15 09:55] [ALPM] warning: directory permissions differ on /usr/share/lightdm-webkit/themes/antergos/css/
filesystem: 775  package: 755
[2015-02-15 09:55] [ALPM] warning: directory permissions differ on /usr/share/lightdm-webkit/themes/antergos/font-awesome/
filesystem: 775  package: 755
[2015-02-15 09:55] [ALPM] warning: directory permissions differ on /usr/share/lightdm-webkit/themes/antergos/img/
filesystem: 775  package: 755
[2015-02-15 09:55] [ALPM] warning: directory permissions differ on /usr/share/lightdm-webkit/themes/antergos/js/
filesystem: 775  package: 755
[2015-02-15 09:55] [ALPM] warning: directory permissions differ on /usr/share/lightdm-webkit/themes/antergos/img/thumbs/
filesystem: 775  package: 755
[2015-02-15 09:55] [ALPM] warning: directory permissions differ on /usr/share/lightdm-webkit/themes/antergos/font-awesome/css/
filesystem: 775  package: 755
[2015-02-15 09:55] [ALPM] warning: directory permissions differ on /usr/share/lightdm-webkit/themes/antergos/font-awesome/fonts/
filesystem: 775  package: 755
[2015-02-15 09:55] [ALPM] warning: directory permissions differ on /usr/share/lightdm-webkit/themes/antergos/css/lib/
filesystem: 775  package: 755
[2015-02-15 09:55] [ALPM] warning: directory permissions differ on /usr/share/lightdm-webkit/themes/antergos/css/bootstrap/
filesystem: 775  package: 755
[2015-02-15 09:55] [ALPM] upgraded lightdm-webkit-theme-antergos (2.0.6-1 -> 2.0.6-3)
[2015-02-15 09:55] [ALPM-SCRIPTLET] Setting Antergos as default LightDM Theme
[2015-02-15 09:55] [ALPM-SCRIPTLET] sed: impossibile leggere /etc/lightdm/lightdm-webkit-greeter.conf: File o directory non esistente
[2015-02-15 09:55] [ALPM-SCRIPTLET] sed: impossibile leggere /etc/lightdm/lightdm-webkit-greeter.conf: File o directory non esistente
[2015-02-15 09:55] [ALPM] installed dhclient (4.3.1-1)
[2015-02-15 09:55] [ALPM] upgraded networkmanager (1.0.0-1 -> 1.0.0-2)
[2015-02-15 09:55] [ALPM] transaction completed
[2015-02-15 10:14] [PACMAN] Running 'pacman -S webkitgtk'
[2015-02-15 10:23] [PACMAN] Running 'pacman -S lightdm-webkit-greeter'
[2015-02-15 11:05] [PACMAN] Running 'pacman -Syyu'
[2015-02-15 11:05] [PACMAN] synchronizing package lists
[2015-02-15 11:05] [PACMAN] starting full system upgrade
[2015-02-15 11:06] [PACMAN] Running 'pacman -S lighdm'
[2015-02-15 11:07] [PACMAN] Running 'pacman -S lightdm'
[2015-02-15 11:07] [ALPM] transaction started
[2015-02-15 11:07] [ALPM] reinstalled lightdm (1:1.12.2-2)
[2015-02-15 11:07] [ALPM] transaction completed
[2015-02-15 11:39] [PACMAN] Running 'pacman -S xorg-server-xephyr'
[2015-02-15 11:39] [ALPM] transaction started
[2015-02-15 11:39] [ALPM] installed xcb-util-image (0.4.0-1)
[2015-02-15 11:39] [ALPM] installed xcb-util-wm (0.4.1-1)
[2015-02-15 11:39] [ALPM] installed xorg-server-xephyr (1.16.4-1)
[2015-02-15 11:39] [ALPM] transaction completed
[2015-02-15 11:52] [PACMAN] Running 'pacman -S lightdm-webkit-theme-antergos'
[2015-02-15 11:52] [ALPM] transaction started
[2015-02-15 11:52] [ALPM] warning: directory permissions differ on /usr/share/lightdm-webkit/themes/antergos/
filesystem: 775  package: 755
[2015-02-15 11:52] [ALPM] warning: directory permissions differ on /usr/share/lightdm-webkit/themes/antergos/css/
filesystem: 775  package: 755
[2015-02-15 11:52] [ALPM] warning: directory permissions differ on /usr/share/lightdm-webkit/themes/antergos/font-awesome/
filesystem: 775  package: 755
[2015-02-15 11:52] [ALPM] warning: directory permissions differ on /usr/share/lightdm-webkit/themes/antergos/img/
filesystem: 775  package: 755
[2015-02-15 11:52] [ALPM] warning: directory permissions differ on /usr/share/lightdm-webkit/themes/antergos/js/
filesystem: 775  package: 755
[2015-02-15 11:52] [ALPM] warning: directory permissions differ on /usr/share/lightdm-webkit/themes/antergos/img/thumbs/
filesystem: 775  package: 755
[2015-02-15 11:52] [ALPM] warning: directory permissions differ on /usr/share/lightdm-webkit/themes/antergos/font-awesome/css/
filesystem: 775  package: 755
[2015-02-15 11:52] [ALPM] warning: directory permissions differ on /usr/share/lightdm-webkit/themes/antergos/font-awesome/fonts/
filesystem: 775  package: 755
[2015-02-15 11:52] [ALPM] warning: directory permissions differ on /usr/share/lightdm-webkit/themes/antergos/css/lib/
filesystem: 775  package: 755
[2015-02-15 11:52] [ALPM] warning: directory permissions differ on /usr/share/lightdm-webkit/themes/antergos/css/bootstrap/
filesystem: 775  package: 755
[2015-02-15 11:52] [ALPM] reinstalled lightdm-webkit-theme-antergos (2.0.6-3)
[2015-02-15 11:52] [ALPM-SCRIPTLET] Setting Antergos as default LightDM Theme
[2015-02-15 11:52] [ALPM-SCRIPTLET] sed: impossibile leggere /etc/lightdm/lightdm-webkit-greeter.conf: File o directory non esistente
[2015-02-15 11:52] [ALPM-SCRIPTLET] sed: impossibile leggere /etc/lightdm/lightdm-webkit-greeter.conf: File o directory non esistente
[2015-02-15 11:52] [ALPM] transaction completed
